
*** Running vivado
    with args -log design_gpio_led_wrapper.vdi -applog -m64 -messageDb vivado.pb -mode batch -source design_gpio_led_wrapper.tcl -notrace


****** Vivado v2015.2.1 (64-bit)
  **** SW Build 1302555 on Wed Aug  5 13:06:02 MDT 2015
  **** IP Build 1291990 on Mon Jul 27 03:18:52 MDT 2015
    ** Copyright 1986-2015 Xilinx, Inc. All Rights Reserved.

source design_gpio_led_wrapper.tcl -notrace
Design is defaulting to srcset: sources_1
Design is defaulting to constrset: constrs_1
INFO: [Netlist 29-17] Analyzing 18 Unisim elements for replacement
INFO: [Netlist 29-28] Unisim Transformation completed in 0 CPU seconds
INFO: [Project 1-479] Netlist was created with Vivado 2015.2.1
INFO: [Device 21-403] Loading part xc7z020clg484-1
INFO: [Project 1-570] Preparing netlist for logic optimization
Parsing XDC File [d:/Desktop/LED_Blinking_on_ZedBoard/zynq_Gpio.srcs/sources_1/bd/design_gpio_led/ip/design_gpio_led_processing_system7_0_0/design_gpio_led_processing_system7_0_0.xdc] for cell 'design_gpio_led_i/processing_system7_0/inst'
Finished Parsing XDC File [d:/Desktop/LED_Blinking_on_ZedBoard/zynq_Gpio.srcs/sources_1/bd/design_gpio_led/ip/design_gpio_led_processing_system7_0_0/design_gpio_led_processing_system7_0_0.xdc] for cell 'design_gpio_led_i/processing_system7_0/inst'
Parsing XDC File [d:/Desktop/LED_Blinking_on_ZedBoard/zynq_Gpio.srcs/sources_1/bd/design_gpio_led/ip/design_gpio_led_axi_gpio_0_0/design_gpio_led_axi_gpio_0_0_board.xdc] for cell 'design_gpio_led_i/axi_gpio_0/U0'
Finished Parsing XDC File [d:/Desktop/LED_Blinking_on_ZedBoard/zynq_Gpio.srcs/sources_1/bd/design_gpio_led/ip/design_gpio_led_axi_gpio_0_0/design_gpio_led_axi_gpio_0_0_board.xdc] for cell 'design_gpio_led_i/axi_gpio_0/U0'
Parsing XDC File [d:/Desktop/LED_Blinking_on_ZedBoard/zynq_Gpio.srcs/sources_1/bd/design_gpio_led/ip/design_gpio_led_axi_gpio_0_0/design_gpio_led_axi_gpio_0_0.xdc] for cell 'design_gpio_led_i/axi_gpio_0/U0'
Finished Parsing XDC File [d:/Desktop/LED_Blinking_on_ZedBoard/zynq_Gpio.srcs/sources_1/bd/design_gpio_led/ip/design_gpio_led_axi_gpio_0_0/design_gpio_led_axi_gpio_0_0.xdc] for cell 'design_gpio_led_i/axi_gpio_0/U0'
Parsing XDC File [d:/Desktop/LED_Blinking_on_ZedBoard/zynq_Gpio.srcs/sources_1/bd/design_gpio_led/ip/design_gpio_led_rst_processing_system7_0_100M_1/design_gpio_led_rst_processing_system7_0_100M_1_board.xdc] for cell 'design_gpio_led_i/rst_processing_system7_0_100M'
Finished Parsing XDC File [d:/Desktop/LED_Blinking_on_ZedBoard/zynq_Gpio.srcs/sources_1/bd/design_gpio_led/ip/design_gpio_led_rst_processing_system7_0_100M_1/design_gpio_led_rst_processing_system7_0_100M_1_board.xdc] for cell 'design_gpio_led_i/rst_processing_system7_0_100M'
Parsing XDC File [d:/Desktop/LED_Blinking_on_ZedBoard/zynq_Gpio.srcs/sources_1/bd/design_gpio_led/ip/design_gpio_led_rst_processing_system7_0_100M_1/design_gpio_led_rst_processing_system7_0_100M_1.xdc] for cell 'design_gpio_led_i/rst_processing_system7_0_100M'
Finished Parsing XDC File [d:/Desktop/LED_Blinking_on_ZedBoard/zynq_Gpio.srcs/sources_1/bd/design_gpio_led/ip/design_gpio_led_rst_processing_system7_0_100M_1/design_gpio_led_rst_processing_system7_0_100M_1.xdc] for cell 'design_gpio_led_i/rst_processing_system7_0_100M'
INFO: [Opt 31-138] Pushed 0 inverter(s) to 0 load pin(s).
INFO: [Project 1-111] Unisim Transformation Summary:
No Unisim elements were transformed.

link_design: Time (s): cpu = 00:00:06 ; elapsed = 00:00:10 . Memory (MB): peak = 501.828 ; gain = 286.719
Command: opt_design
Attempting to get a license for feature 'Implementation' and/or device 'xc7z020'
INFO: [Common 17-349] Got license for feature 'Implementation' and/or device 'xc7z020'
Running DRC as a precondition to command opt_design

Starting DRC Task
INFO: [DRC 23-27] Running DRC with 2 threads
INFO: [Project 1-461] DRC finished with 0 Errors
INFO: [Project 1-462] Please refer to the DRC report (report_drc) for more information.

Time (s): cpu = 00:00:00 ; elapsed = 00:00:00.072 . Memory (MB): peak = 505.887 ; gain = 1.125
INFO: [Timing 38-35] Done setting XDC timing constraints.

Starting Logic Optimization Task

Phase 1 Retarget

INFO: [Opt 31-138] Pushed 0 inverter(s) to 0 load pin(s).
INFO: [Opt 31-49] Retargeted 0 cell(s).
Phase 1 Retarget | Checksum: 1175a4681

Time (s): cpu = 00:00:00 ; elapsed = 00:00:00.137 . Memory (MB): peak = 962.473 ; gain = 0.000

Phase 2 Constant Propagation
INFO: [Opt 31-138] Pushed 0 inverter(s) to 0 load pin(s).
INFO: [Opt 31-10] Eliminated 40 cells.
Phase 2 Constant Propagation | Checksum: 19188eafc

Time (s): cpu = 00:00:00 ; elapsed = 00:00:00.339 . Memory (MB): peak = 962.473 ; gain = 0.000

Phase 3 Sweep
INFO: [Opt 31-12] Eliminated 200 unconnected nets.
INFO: [Opt 31-11] Eliminated 275 unconnected cells.
Phase 3 Sweep | Checksum: 86d6e731

Time (s): cpu = 00:00:00 ; elapsed = 00:00:00.670 . Memory (MB): peak = 962.473 ; gain = 0.000

Starting Connectivity Check Task

Time (s): cpu = 00:00:00 ; elapsed = 00:00:00.003 . Memory (MB): peak = 962.473 ; gain = 0.000
Ending Logic Optimization Task | Checksum: 86d6e731

Time (s): cpu = 00:00:00 ; elapsed = 00:00:00.676 . Memory (MB): peak = 962.473 ; gain = 0.000
Implement Debug Cores | Checksum: 71abbefb
Logic Optimization | Checksum: 71abbefb

Starting Power Optimization Task
INFO: [Pwropt 34-132] Skipping clock gating for clocks with a period < 3.13 ns.
Ending Power Optimization Task | Checksum: 86d6e731

Time (s): cpu = 00:00:00 ; elapsed = 00:00:00.008 . Memory (MB): peak = 962.473 ; gain = 0.000
INFO: [Common 17-83] Releasing license: Implementation
20 Infos, 0 Warnings, 0 Critical Warnings and 0 Errors encountered.
opt_design completed successfully
opt_design: Time (s): cpu = 00:00:11 ; elapsed = 00:00:24 . Memory (MB): peak = 962.473 ; gain = 460.645
Writing placer database...
Writing XDEF routing.
Writing XDEF routing logical nets.
Writing XDEF routing special nets.
Write XDEF Complete: Time (s): cpu = 00:00:01 ; elapsed = 00:00:00.076 . Memory (MB): peak = 962.473 ; gain = 0.000
INFO: [DRC 23-27] Running DRC with 2 threads
INFO: [Coretcl 2-168] The results of DRC are in file D:/Desktop/LED_Blinking_on_ZedBoard/zynq_Gpio.runs/impl_1/design_gpio_led_wrapper_drc_opted.rpt.
Command: place_design
Attempting to get a license for feature 'Implementation' and/or device 'xc7z020'
INFO: [Common 17-349] Got license for feature 'Implementation' and/or device 'xc7z020'
INFO: [DRC 23-27] Running DRC with 2 threads
INFO: [Vivado_Tcl 4-198] DRC finished with 0 Errors
INFO: [Vivado_Tcl 4-199] Please refer to the DRC report (report_drc) for more information.
Running DRC as a precondition to command place_design
INFO: [DRC 23-27] Running DRC with 2 threads
INFO: [Vivado_Tcl 4-198] DRC finished with 0 Errors
INFO: [Vivado_Tcl 4-199] Please refer to the DRC report (report_drc) for more information.

Starting Placer Task
INFO: [Place 30-611] Multithreading enabled for place_design using a maximum of 2 CPUs

Phase 1 Placer Runtime Estimator
Phase 1 Placer Runtime Estimator | Checksum: 646a3fa8

Time (s): cpu = 00:00:00 ; elapsed = 00:00:00.031 . Memory (MB): peak = 962.473 ; gain = 0.000

Phase 2 Placer Initialization
Netlist sorting complete. Time (s): cpu = 00:00:00 ; elapsed = 00:00:00.004 . Memory (MB): peak = 962.473 ; gain = 0.000
Netlist sorting complete. Time (s): cpu = 00:00:00 ; elapsed = 00:00:00.004 . Memory (MB): peak = 962.473 ; gain = 0.000

Phase 2.1 IO Placement/ Clock Placement/ Build Placer Device

Phase 2.1.1 Pre-Place Cells
Phase 2.1.1 Pre-Place Cells | Checksum: 371c6765

Time (s): cpu = 00:00:00 ; elapsed = 00:00:00.075 . Memory (MB): peak = 962.473 ; gain = 0.000
WARNING: [Place 30-12] An IO Bus FIXED_IO_mio with more than one IO standard is found. Components associated with this bus are: 
	FIXED_IO_mio[53] of IOStandard LVCMOS18
	FIXED_IO_mio[52] of IOStandard LVCMOS18
	FIXED_IO_mio[51] of IOStandard LVCMOS18
	FIXED_IO_mio[50] of IOStandard LVCMOS18
	FIXED_IO_mio[49] of IOStandard LVCMOS18
	FIXED_IO_mio[48] of IOStandard LVCMOS18
	FIXED_IO_mio[47] of IOStandard LVCMOS18
	FIXED_IO_mio[46] of IOStandard LVCMOS18
	FIXED_IO_mio[45] of IOStandard LVCMOS18
	FIXED_IO_mio[44] of IOStandard LVCMOS18
	FIXED_IO_mio[43] of IOStandard LVCMOS18
	FIXED_IO_mio[42] of IOStandard LVCMOS18
	FIXED_IO_mio[41] of IOStandard LVCMOS18
	FIXED_IO_mio[40] of IOStandard LVCMOS18
	FIXED_IO_mio[39] of IOStandard LVCMOS18
	FIXED_IO_mio[38] of IOStandard LVCMOS18
	FIXED_IO_mio[37] of IOStandard LVCMOS18
	FIXED_IO_mio[36] of IOStandard LVCMOS18
	FIXED_IO_mio[35] of IOStandard LVCMOS18
	FIXED_IO_mio[34] of IOStandard LVCMOS18
	FIXED_IO_mio[33] of IOStandard LVCMOS18
	FIXED_IO_mio[32] of IOStandard LVCMOS18
	FIXED_IO_mio[31] of IOStandard LVCMOS18
	FIXED_IO_mio[30] of IOStandard LVCMOS18
	FIXED_IO_mio[29] of IOStandard LVCMOS18
	FIXED_IO_mio[28] of IOStandard LVCMOS18
	FIXED_IO_mio[27] of IOStandard LVCMOS18
	FIXED_IO_mio[26] of IOStandard LVCMOS18
	FIXED_IO_mio[25] of IOStandard LVCMOS18
	FIXED_IO_mio[24] of IOStandard LVCMOS18
	FIXED_IO_mio[23] of IOStandard LVCMOS18
	FIXED_IO_mio[22] of IOStandard LVCMOS18
	FIXED_IO_mio[21] of IOStandard LVCMOS18
	FIXED_IO_mio[20] of IOStandard LVCMOS18
	FIXED_IO_mio[19] of IOStandard LVCMOS18
	FIXED_IO_mio[18] of IOStandard LVCMOS18
	FIXED_IO_mio[17] of IOStandard LVCMOS18
	FIXED_IO_mio[16] of IOStandard LVCMOS18
	FIXED_IO_mio[15] of IOStandard LVCMOS33
	FIXED_IO_mio[14] of IOStandard LVCMOS33
	FIXED_IO_mio[13] of IOStandard LVCMOS33
	FIXED_IO_mio[12] of IOStandard LVCMOS33
	FIXED_IO_mio[11] of IOStandard LVCMOS33
	FIXED_IO_mio[10] of IOStandard LVCMOS33
	FIXED_IO_mio[9] of IOStandard LVCMOS33
	FIXED_IO_mio[8] of IOStandard LVCMOS33
	FIXED_IO_mio[7] of IOStandard LVCMOS33
	FIXED_IO_mio[6] of IOStandard LVCMOS33
	FIXED_IO_mio[5] of IOStandard LVCMOS33
	FIXED_IO_mio[4] of IOStandard LVCMOS33
	FIXED_IO_mio[3] of IOStandard LVCMOS33
	FIXED_IO_mio[2] of IOStandard LVCMOS33
	FIXED_IO_mio[1] of IOStandard LVCMOS33
	FIXED_IO_mio[0] of IOStandard LVCMOS33
INFO: [Timing 38-35] Done setting XDC timing constraints.

Phase 2.1.2 IO & Clk Clean Up
Phase 2.1.2 IO & Clk Clean Up | Checksum: 371c6765

Time (s): cpu = 00:00:02 ; elapsed = 00:00:01 . Memory (MB): peak = 980.422 ; gain = 17.949

Phase 2.1.3 Implementation Feasibility check On IDelay
Phase 2.1.3 Implementation Feasibility check On IDelay | Checksum: 371c6765

Time (s): cpu = 00:00:02 ; elapsed = 00:00:01 . Memory (MB): peak = 980.422 ; gain = 17.949

Phase 2.1.4 Commit IO Placement
Phase 2.1.4 Commit IO Placement | Checksum: 58235a5d

Time (s): cpu = 00:00:02 ; elapsed = 00:00:01 . Memory (MB): peak = 980.422 ; gain = 17.949
Phase 2.1 IO Placement/ Clock Placement/ Build Placer Device | Checksum: 117a19ddc

Time (s): cpu = 00:00:02 ; elapsed = 00:00:01 . Memory (MB): peak = 980.422 ; gain = 17.949

Phase 2.2 Build Placer Netlist Model

Phase 2.2.1 Place Init Design

Phase 2.2.1.1 Init Lut Pin Assignment
Phase 2.2.1.1 Init Lut Pin Assignment | Checksum: c579bf7a

Time (s): cpu = 00:00:02 ; elapsed = 00:00:01 . Memory (MB): peak = 980.422 ; gain = 17.949
Phase 2.2.1 Place Init Design | Checksum: f0e605b9

Time (s): cpu = 00:00:02 ; elapsed = 00:00:01 . Memory (MB): peak = 980.422 ; gain = 17.949
Phase 2.2 Build Placer Netlist Model | Checksum: f0e605b9

Time (s): cpu = 00:00:02 ; elapsed = 00:00:01 . Memory (MB): peak = 980.422 ; gain = 17.949

Phase 2.3 Constrain Clocks/Macros

Phase 2.3.1 Constrain Global/Regional Clocks
Phase 2.3.1 Constrain Global/Regional Clocks | Checksum: f0e605b9

Time (s): cpu = 00:00:02 ; elapsed = 00:00:02 . Memory (MB): peak = 980.422 ; gain = 17.949
Phase 2.3 Constrain Clocks/Macros | Checksum: f0e605b9

Time (s): cpu = 00:00:02 ; elapsed = 00:00:02 . Memory (MB): peak = 980.422 ; gain = 17.949
Phase 2 Placer Initialization | Checksum: f0e605b9

Time (s): cpu = 00:00:02 ; elapsed = 00:00:02 . Memory (MB): peak = 980.422 ; gain = 17.949

Phase 3 Global Placement
Phase 3 Global Placement | Checksum: fc0e6afc

Time (s): cpu = 00:00:04 ; elapsed = 00:00:03 . Memory (MB): peak = 980.422 ; gain = 17.949

Phase 4 Detail Placement

Phase 4.1 Commit Multi Column Macros
Phase 4.1 Commit Multi Column Macros | Checksum: fc0e6afc

Time (s): cpu = 00:00:04 ; elapsed = 00:00:03 . Memory (MB): peak = 980.422 ; gain = 17.949

Phase 4.2 Commit Most Macros & LUTRAMs
Phase 4.2 Commit Most Macros & LUTRAMs | Checksum: a35f92d0

Time (s): cpu = 00:00:04 ; elapsed = 00:00:03 . Memory (MB): peak = 980.422 ; gain = 17.949

Phase 4.3 Area Swap Optimization
Phase 4.3 Area Swap Optimization | Checksum: cd3fe50b

Time (s): cpu = 00:00:04 ; elapsed = 00:00:03 . Memory (MB): peak = 980.422 ; gain = 17.949

Phase 4.4 updateClock Trees: DP
Phase 4.4 updateClock Trees: DP | Checksum: cd3fe50b

Time (s): cpu = 00:00:04 ; elapsed = 00:00:03 . Memory (MB): peak = 980.422 ; gain = 17.949

Phase 4.5 Timing Path Optimizer
Phase 4.5 Timing Path Optimizer | Checksum: d2b4c6df

Time (s): cpu = 00:00:04 ; elapsed = 00:00:03 . Memory (MB): peak = 980.422 ; gain = 17.949

Phase 4.6 Small Shape Detail Placement

Phase 4.6.1 Commit Small Macros & Core Logic

Phase 4.6.1.1 setBudgets
Phase 4.6.1.1 setBudgets | Checksum: b3d2756d

Time (s): cpu = 00:00:04 ; elapsed = 00:00:03 . Memory (MB): peak = 980.422 ; gain = 17.949

Phase 4.6.1.2 Commit Slice Clusters
Phase 4.6.1.2 Commit Slice Clusters | Checksum: 800a0347

Time (s): cpu = 00:00:05 ; elapsed = 00:00:03 . Memory (MB): peak = 980.422 ; gain = 17.949
Phase 4.6.1 Commit Small Macros & Core Logic | Checksum: 800a0347

Time (s): cpu = 00:00:05 ; elapsed = 00:00:03 . Memory (MB): peak = 980.422 ; gain = 17.949

Phase 4.6.2 Clock Restriction Legalization for Leaf Columns
Phase 4.6.2 Clock Restriction Legalization for Leaf Columns | Checksum: 800a0347

Time (s): cpu = 00:00:05 ; elapsed = 00:00:03 . Memory (MB): peak = 980.422 ; gain = 17.949

Phase 4.6.3 Clock Restriction Legalization for Non-Clock Pins
Phase 4.6.3 Clock Restriction Legalization for Non-Clock Pins | Checksum: 800a0347

Time (s): cpu = 00:00:05 ; elapsed = 00:00:03 . Memory (MB): peak = 980.422 ; gain = 17.949
Phase 4.6 Small Shape Detail Placement | Checksum: 800a0347

Time (s): cpu = 00:00:05 ; elapsed = 00:00:03 . Memory (MB): peak = 980.422 ; gain = 17.949

Phase 4.7 Re-assign LUT pins
Phase 4.7 Re-assign LUT pins | Checksum: 800a0347

Time (s): cpu = 00:00:05 ; elapsed = 00:00:03 . Memory (MB): peak = 980.422 ; gain = 17.949
Phase 4 Detail Placement | Checksum: 800a0347

Time (s): cpu = 00:00:05 ; elapsed = 00:00:03 . Memory (MB): peak = 980.422 ; gain = 17.949

Phase 5 Post Placement Optimization and Clean-Up

Phase 5.1 PCOPT Shape updates
Phase 5.1 PCOPT Shape updates | Checksum: 1a70640a1

Time (s): cpu = 00:00:05 ; elapsed = 00:00:03 . Memory (MB): peak = 980.422 ; gain = 17.949

Phase 5.2 Post Commit Optimization

Phase 5.2.1 updateClock Trees: PCOPT
Phase 5.2.1 updateClock Trees: PCOPT | Checksum: 1a70640a1

Time (s): cpu = 00:00:05 ; elapsed = 00:00:03 . Memory (MB): peak = 980.422 ; gain = 17.949

Phase 5.2.2 Post Placement Optimization

Phase 5.2.2.1 Post Placement Timing Optimization
INFO: [Place 30-746] Post Placement Timing Summary WNS=3.887. For the most accurate timing information please run report_timing.
Phase 5.2.2.1 Post Placement Timing Optimization | Checksum: 1fe4c810c

Time (s): cpu = 00:00:05 ; elapsed = 00:00:03 . Memory (MB): peak = 980.422 ; gain = 17.949
Phase 5.2.2 Post Placement Optimization | Checksum: 1fe4c810c

Time (s): cpu = 00:00:05 ; elapsed = 00:00:03 . Memory (MB): peak = 980.422 ; gain = 17.949
Phase 5.2 Post Commit Optimization | Checksum: 1fe4c810c

Time (s): cpu = 00:00:05 ; elapsed = 00:00:03 . Memory (MB): peak = 980.422 ; gain = 17.949

Phase 5.3 Sweep Clock Roots: Post-Placement
Phase 5.3 Sweep Clock Roots: Post-Placement | Checksum: 1fe4c810c

Time (s): cpu = 00:00:05 ; elapsed = 00:00:03 . Memory (MB): peak = 980.422 ; gain = 17.949

Phase 5.4 Post Placement Cleanup
Phase 5.4 Post Placement Cleanup | Checksum: 1fe4c810c

Time (s): cpu = 00:00:05 ; elapsed = 00:00:03 . Memory (MB): peak = 980.422 ; gain = 17.949

Phase 5.5 Placer Reporting

Phase 5.5.1 Restore STA
Phase 5.5.1 Restore STA | Checksum: 1fe4c810c

Time (s): cpu = 00:00:05 ; elapsed = 00:00:03 . Memory (MB): peak = 980.422 ; gain = 17.949
Phase 5.5 Placer Reporting | Checksum: 1fe4c810c

Time (s): cpu = 00:00:05 ; elapsed = 00:00:03 . Memory (MB): peak = 980.422 ; gain = 17.949

Phase 5.6 Final Placement Cleanup
Phase 5.6 Final Placement Cleanup | Checksum: 1aa652f3c

Time (s): cpu = 00:00:05 ; elapsed = 00:00:03 . Memory (MB): peak = 980.422 ; gain = 17.949
Phase 5 Post Placement Optimization and Clean-Up | Checksum: 1aa652f3c

Time (s): cpu = 00:00:05 ; elapsed = 00:00:03 . Memory (MB): peak = 980.422 ; gain = 17.949
Ending Placer Task | Checksum: ba32edca

Time (s): cpu = 00:00:05 ; elapsed = 00:00:03 . Memory (MB): peak = 980.422 ; gain = 17.949
INFO: [Common 17-83] Releasing license: Implementation
33 Infos, 1 Warnings, 0 Critical Warnings and 0 Errors encountered.
place_design completed successfully
place_design: Time (s): cpu = 00:00:06 ; elapsed = 00:00:17 . Memory (MB): peak = 980.422 ; gain = 17.949
Writing placer database...
Writing XDEF routing.
Writing XDEF routing logical nets.
Writing XDEF routing special nets.
Write XDEF Complete: Time (s): cpu = 00:00:01 ; elapsed = 00:00:00.160 . Memory (MB): peak = 980.422 ; gain = 0.000
report_io: Time (s): cpu = 00:00:00 ; elapsed = 00:00:00.056 . Memory (MB): peak = 980.422 ; gain = 0.000
report_utilization: Time (s): cpu = 00:00:00 ; elapsed = 00:00:00.059 . Memory (MB): peak = 980.422 ; gain = 0.000
report_control_sets: Time (s): cpu = 00:00:00 ; elapsed = 00:00:00.005 . Memory (MB): peak = 980.422 ; gain = 0.000
Command: route_design
Attempting to get a license for feature 'Implementation' and/or device 'xc7z020'
INFO: [Common 17-349] Got license for feature 'Implementation' and/or device 'xc7z020'
Running DRC as a precondition to command route_design
INFO: [DRC 23-27] Running DRC with 2 threads
WARNING: [DRC 23-20] Rule violation (PLIO-7) Placement Constraints Check for IO constraints - An IO Bus FIXED_IO_mio[53:0] with more than one IO standard is found. Components associated with this bus are:  FIXED_IO_mio[53] of IOStandard LVCMOS18; FIXED_IO_mio[52] of IOStandard LVCMOS18; FIXED_IO_mio[51] of IOStandard LVCMOS18; FIXED_IO_mio[50] of IOStandard LVCMOS18; FIXED_IO_mio[49] of IOStandard LVCMOS18; FIXED_IO_mio[48] of IOStandard LVCMOS18; FIXED_IO_mio[47] of IOStandard LVCMOS18; FIXED_IO_mio[46] of IOStandard LVCMOS18; FIXED_IO_mio[45] of IOStandard LVCMOS18; FIXED_IO_mio[44] of IOStandard LVCMOS18; FIXED_IO_mio[43] of IOStandard LVCMOS18; FIXED_IO_mio[42] of IOStandard LVCMOS18; FIXED_IO_mio[41] of IOStandard LVCMOS18; FIXED_IO_mio[40] of IOStandard LVCMOS18; FIXED_IO_mio[39] of IOStandard LVCMOS18; FIXED_IO_mio[38] of IOStandard LVCMOS18; FIXED_IO_mio[37] of IOStandard LVCMOS18; FIXED_IO_mio[36] of IOStandard LVCMOS18; FIXED_IO_mio[35] of IOStandard LVCMOS18; FIXED_IO_mio[34] of IOStandard LVCMOS18; FIXED_IO_mio[33] of IOStandard LVCMOS18; FIXED_IO_mio[32] of IOStandard LVCMOS18; FIXED_IO_mio[31] of IOStandard LVCMOS18; FIXED_IO_mio[30] of IOStandard LVCMOS18; FIXED_IO_mio[29] of IOStandard LVCMOS18; FIXED_IO_mio[28] of IOStandard LVCMOS18; FIXED_IO_mio[27] of IOStandard LVCMOS18; FIXED_IO_mio[26] of IOStandard LVCMOS18; FIXED_IO_mio[25] of IOStandard LVCMOS18; FIXED_IO_mio[24] of IOStandard LVCMOS18; FIXED_IO_mio[23] of IOStandard LVCMOS18; FIXED_IO_mio[22] of IOStandard LVCMOS18; FIXED_IO_mio[21] of IOStandard LVCMOS18; FIXED_IO_mio[20] of IOStandard LVCMOS18; FIXED_IO_mio[19] of IOStandard LVCMOS18; FIXED_IO_mio[18] of IOStandard LVCMOS18; FIXED_IO_mio[17] of IOStandard LVCMOS18; FIXED_IO_mio[16] of IOStandard LVCMOS18; FIXED_IO_mio[15] of IOStandard LVCMOS33; FIXED_IO_mio[14] of IOStandard LVCMOS33; FIXED_IO_mio[13] of IOStandard LVCMOS33; FIXED_IO_mio[12] of IOStandard LVCMOS33; FIXED_IO_mio[11] of IOStandard LVCMOS33; FIXED_IO_mio[10] of IOStandard LVCMOS33; FIXED_IO_mio[9] of IOStandard LVCMOS33; FIXED_IO_mio[8] of IOStandard LVCMOS33; FIXED_IO_mio[7] of IOStandard LVCMOS33; FIXED_IO_mio[6] of IOStandard LVCMOS33; FIXED_IO_mio[5] of IOStandard LVCMOS33; FIXED_IO_mio[4] of IOStandard LVCMOS33; FIXED_IO_mio[3] of IOStandard LVCMOS33; FIXED_IO_mio[2] of IOStandard LVCMOS33; FIXED_IO_mio[1] of IOStandard LVCMOS33; FIXED_IO_mio[0] of IOStandard LVCMOS33;
INFO: [Vivado_Tcl 4-198] DRC finished with 0 Errors, 1 Warnings
INFO: [Vivado_Tcl 4-199] Please refer to the DRC report (report_drc) for more information.


Starting Routing Task
INFO: [Route 35-254] Multithreading enabled for route_design using a maximum of 2 CPUs

Phase 1 Build RT Design
Phase 1 Build RT Design | Checksum: 96eee5b0

Time (s): cpu = 00:00:32 ; elapsed = 00:00:29 . Memory (MB): peak = 1091.844 ; gain = 111.422

Phase 2 Router Initialization

Phase 2.1 Create Timer
Phase 2.1 Create Timer | Checksum: 96eee5b0

Time (s): cpu = 00:00:32 ; elapsed = 00:00:29 . Memory (MB): peak = 1093.984 ; gain = 113.563

Phase 2.2 Pre Route Cleanup
Phase 2.2 Pre Route Cleanup | Checksum: 96eee5b0

Time (s): cpu = 00:00:32 ; elapsed = 00:00:29 . Memory (MB): peak = 1101.988 ; gain = 121.566
 Number of Nodes with overlaps = 0

Phase 2.3 Update Timing
Phase 2.3 Update Timing | Checksum: 1f048ec77

Time (s): cpu = 00:00:33 ; elapsed = 00:00:29 . Memory (MB): peak = 1123.434 ; gain = 143.012
INFO: [Route 35-57] Estimated Timing Summary | WNS=4.002  | TNS=0.000  | WHS=-0.148 | THS=-12.807|

Phase 2 Router Initialization | Checksum: 204abde41

Time (s): cpu = 00:00:33 ; elapsed = 00:00:30 . Memory (MB): peak = 1123.434 ; gain = 143.012

Phase 3 Initial Routing
Phase 3 Initial Routing | Checksum: 15d9d4b21

Time (s): cpu = 00:00:33 ; elapsed = 00:00:30 . Memory (MB): peak = 1123.434 ; gain = 143.012

Phase 4 Rip-up And Reroute

Phase 4.1 Global Iteration 0
 Number of Nodes with overlaps = 75
 Number of Nodes with overlaps = 0

Phase 4.1.1 Update Timing
Phase 4.1.1 Update Timing | Checksum: 138d45488

Time (s): cpu = 00:00:33 ; elapsed = 00:00:30 . Memory (MB): peak = 1123.434 ; gain = 143.012
INFO: [Route 35-57] Estimated Timing Summary | WNS=3.647  | TNS=0.000  | WHS=N/A    | THS=N/A    |

Phase 4.1 Global Iteration 0 | Checksum: 14b55f1e6

Time (s): cpu = 00:00:33 ; elapsed = 00:00:30 . Memory (MB): peak = 1123.434 ; gain = 143.012

Phase 4.2 Global Iteration 1
 Number of Nodes with overlaps = 0

Phase 4.2.1 Update Timing
Phase 4.2.1 Update Timing | Checksum: 17b1db802

Time (s): cpu = 00:00:33 ; elapsed = 00:00:30 . Memory (MB): peak = 1123.434 ; gain = 143.012
INFO: [Route 35-57] Estimated Timing Summary | WNS=3.647  | TNS=0.000  | WHS=N/A    | THS=N/A    |

Phase 4.2 Global Iteration 1 | Checksum: 179d9b320

Time (s): cpu = 00:00:34 ; elapsed = 00:00:30 . Memory (MB): peak = 1123.434 ; gain = 143.012
Phase 4 Rip-up And Reroute | Checksum: 179d9b320

Time (s): cpu = 00:00:34 ; elapsed = 00:00:30 . Memory (MB): peak = 1123.434 ; gain = 143.012

Phase 5 Delay and Skew Optimization

Phase 5.1 Delay CleanUp

Phase 5.1.1 Update Timing
Phase 5.1.1 Update Timing | Checksum: 1461e648f

Time (s): cpu = 00:00:34 ; elapsed = 00:00:30 . Memory (MB): peak = 1123.434 ; gain = 143.012
INFO: [Route 35-57] Estimated Timing Summary | WNS=3.661  | TNS=0.000  | WHS=N/A    | THS=N/A    |

Phase 5.1 Delay CleanUp | Checksum: 1461e648f

Time (s): cpu = 00:00:34 ; elapsed = 00:00:30 . Memory (MB): peak = 1123.434 ; gain = 143.012

Phase 5.2 Clock Skew Optimization
Phase 5.2 Clock Skew Optimization | Checksum: 1461e648f

Time (s): cpu = 00:00:34 ; elapsed = 00:00:30 . Memory (MB): peak = 1123.434 ; gain = 143.012
Phase 5 Delay and Skew Optimization | Checksum: 1461e648f

Time (s): cpu = 00:00:34 ; elapsed = 00:00:30 . Memory (MB): peak = 1123.434 ; gain = 143.012

Phase 6 Post Hold Fix

Phase 6.1 Update Timing
Phase 6.1 Update Timing | Checksum: 1c29dcf76

Time (s): cpu = 00:00:34 ; elapsed = 00:00:30 . Memory (MB): peak = 1123.434 ; gain = 143.012
INFO: [Route 35-57] Estimated Timing Summary | WNS=3.661  | TNS=0.000  | WHS=0.029  | THS=0.000  |

Phase 6 Post Hold Fix | Checksum: 15a7ac364

Time (s): cpu = 00:00:34 ; elapsed = 00:00:30 . Memory (MB): peak = 1123.434 ; gain = 143.012

Phase 7 Route finalize

Router Utilization Summary
  Global Vertical Routing Utilization    = 0.148908 %
  Global Horizontal Routing Utilization  = 0.182725 %
  Routable Net Status*
  *Does not include unroutable nets such as driverless and loadless.
  Run report_route_status for detailed report.
  Number of Failed Nets               = 0
  Number of Unrouted Nets             = 0
  Number of Partially Routed Nets     = 0
  Number of Node Overlaps             = 0

Phase 7 Route finalize | Checksum: 1057986df

Time (s): cpu = 00:00:34 ; elapsed = 00:00:30 . Memory (MB): peak = 1123.434 ; gain = 143.012

Phase 8 Verifying routed nets

 Verification completed successfully
Phase 8 Verifying routed nets | Checksum: 1057986df

Time (s): cpu = 00:00:34 ; elapsed = 00:00:30 . Memory (MB): peak = 1123.434 ; gain = 143.012

Phase 9 Depositing Routes
Phase 9 Depositing Routes | Checksum: 13a13bf00

Time (s): cpu = 00:00:34 ; elapsed = 00:00:30 . Memory (MB): peak = 1123.434 ; gain = 143.012

Phase 10 Post Router Timing
INFO: [Route 35-57] Estimated Timing Summary | WNS=3.661  | TNS=0.000  | WHS=0.029  | THS=0.000  |

INFO: [Route 35-327] The final timing numbers are based on the router estimated timing analysis. For a complete and accurate timing signoff, please run report_timing_summary.
Phase 10 Post Router Timing | Checksum: 13a13bf00

Time (s): cpu = 00:00:34 ; elapsed = 00:00:30 . Memory (MB): peak = 1123.434 ; gain = 143.012
INFO: [Route 35-16] Router Completed Successfully

Time (s): cpu = 00:00:34 ; elapsed = 00:00:30 . Memory (MB): peak = 1123.434 ; gain = 143.012

Routing Is Done.
INFO: [Common 17-83] Releasing license: Implementation
47 Infos, 2 Warnings, 0 Critical Warnings and 0 Errors encountered.
route_design completed successfully
route_design: Time (s): cpu = 00:00:35 ; elapsed = 00:00:44 . Memory (MB): peak = 1123.434 ; gain = 143.012
Writing placer database...
Writing XDEF routing.
Writing XDEF routing logical nets.
Writing XDEF routing special nets.
Write XDEF Complete: Time (s): cpu = 00:00:01 ; elapsed = 00:00:00.207 . Memory (MB): peak = 1123.434 ; gain = 0.000
INFO: [DRC 23-27] Running DRC with 2 threads
INFO: [Coretcl 2-168] The results of DRC are in file D:/Desktop/LED_Blinking_on_ZedBoard/zynq_Gpio.runs/impl_1/design_gpio_led_wrapper_drc_routed.rpt.
INFO: [Timing 38-91] UpdateTimingParams: Speed grade: -1, Delay Type: min_max.
INFO: [Timing 38-191] Multithreading enabled for timing update using a maximum of 2 CPUs
Running Vector-less Activity Propagation...

Finished Running Vector-less Activity Propagation
Attempting to get a license for feature 'Implementation' and/or device 'xc7z020'
INFO: [Common 17-349] Got license for feature 'Implementation' and/or device 'xc7z020'
Running DRC as a precondition to command write_bitstream
INFO: [DRC 23-27] Running DRC with 2 threads
INFO: [Vivado 12-3199] DRC finished with 0 Errors
INFO: [Vivado 12-3200] Please refer to the DRC report (report_drc) for more information.
Loading data files...
Loading site data...
Loading route data...
Processing options...
Creating bitmap...
Creating bitstream...
Writing bitstream ./design_gpio_led_wrapper.bit...
INFO: [Vivado 12-1842] Bitgen Completed Successfully.
INFO: [Common 17-83] Releasing license: Implementation
write_bitstream: Time (s): cpu = 00:00:24 ; elapsed = 00:00:37 . Memory (MB): peak = 1448.797 ; gain = 325.363
INFO: [Common 17-206] Exiting Vivado at Sun Oct 11 16:35:58 2015...

*** Running vivado
    with args -log design_gpio_led_wrapper.vdi -applog -m64 -messageDb vivado.pb -mode batch -source design_gpio_led_wrapper.tcl -notrace


****** Vivado v2015.2.1 (64-bit)
  **** SW Build 1302555 on Wed Aug  5 13:06:02 MDT 2015
  **** IP Build 1291990 on Mon Jul 27 03:18:52 MDT 2015
    ** Copyright 1986-2015 Xilinx, Inc. All Rights Reserved.

source design_gpio_led_wrapper.tcl -notrace
Command: open_checkpoint design_gpio_led_wrapper_routed.dcp
INFO: [Netlist 29-17] Analyzing 18 Unisim elements for replacement
INFO: [Netlist 29-28] Unisim Transformation completed in 0 CPU seconds
INFO: [Project 1-479] Netlist was created with Vivado 2015.2.1
INFO: [Device 21-403] Loading part xc7z020clg484-1
INFO: [Project 1-570] Preparing netlist for logic optimization
Parsing XDC File [D:/Desktop/LED_Blinking_on_ZedBoard/zynq_Gpio.runs/impl_1/.Xil/Vivado-48896-LQ/dcp/design_gpio_led_wrapper_early.xdc]
Finished Parsing XDC File [D:/Desktop/LED_Blinking_on_ZedBoard/zynq_Gpio.runs/impl_1/.Xil/Vivado-48896-LQ/dcp/design_gpio_led_wrapper_early.xdc]
Reading XDEF placement.
Reading placer database...
Reading XDEF routing.
Read XDEF File: Time (s): cpu = 00:00:01 ; elapsed = 00:00:00.291 . Memory (MB): peak = 492.758 ; gain = 0.000
Restored from archive | CPU: 1.000000 secs | Memory: 0.000000 MB |
Finished XDEF File Restore: Time (s): cpu = 00:00:01 ; elapsed = 00:00:00.292 . Memory (MB): peak = 492.758 ; gain = 0.000
INFO: [Project 1-111] Unisim Transformation Summary:
No Unisim elements were transformed.

INFO: [Project 1-484] Checkpoint was created with build 1302555
open_checkpoint: Time (s): cpu = 00:00:06 ; elapsed = 00:00:10 . Memory (MB): peak = 492.758 ; gain = 304.008
Attempting to get a license for feature 'Implementation' and/or device 'xc7z020'
INFO: [Common 17-349] Got license for feature 'Implementation' and/or device 'xc7z020'
Running DRC as a precondition to command write_bitstream
INFO: [DRC 23-27] Running DRC with 2 threads
INFO: [Vivado 12-3199] DRC finished with 0 Errors
INFO: [Vivado 12-3200] Please refer to the DRC report (report_drc) for more information.
Loading data files...
Loading site data...
Loading route data...
Processing options...
Creating bitmap...
Creating bitstream...
Writing bitstream ./design_gpio_led_wrapper.bit...
INFO: [Vivado 12-1842] Bitgen Completed Successfully.
INFO: [Common 17-83] Releasing license: Implementation
write_bitstream: Time (s): cpu = 00:00:22 ; elapsed = 00:00:36 . Memory (MB): peak = 841.719 ; gain = 348.961
INFO: [Common 17-206] Exiting Vivado at Sun Oct 11 16:38:19 2015...
