12:15:39 INFO  : Processing command line option -hwspec /home/longqi/zynq_Gpio/zynq_Gpio.sdk/design_gpio_led_wrapper.hdf.
12:15:41 INFO  : Launching XSDB server: xsdb -n -s /opt/Xilinx/SDK/2015.2/scripts/xsdb/xsdb/xsdb-server.tcl
12:15:42 INFO  : XSDB server has started successfully.
12:58:50 INFO  : Launching XSDB server: xsdb -n -s /opt/Xilinx/SDK/2015.2/scripts/xsdb/xsdb/xsdb-server.tcl
12:58:50 INFO  : Processing command line option -hwspec /home/longqi/zynq_Gpio/zynq_Gpio.sdk/design_gpio_led_wrapper.hdf.
12:58:51 INFO  : XSDB server has started successfully.
12:58:52 INFO  : Checking for hwspec changes in the project design_gpio_led_wrapper_hw_platform_0.
14:59:00 INFO  : Launching XSDB server: xsdb -n -s /opt/Xilinx/SDK/2015.2/scripts/xsdb/xsdb/xsdb-server.tcl
14:59:01 INFO  : XSDB server has started successfully.
14:59:01 INFO  : Processing command line option -hwspec /home/longqi/zynq_Gpio/zynq_Gpio.sdk/design_gpio_led_wrapper.hdf.
14:59:03 INFO  : Checking for hwspec changes in the project design_gpio_led_wrapper_hw_platform_0.
15:03:28 INFO  : Connected to target on host '127.0.0.1' and port '3121'.
15:03:28 INFO  : 'targets -set -filter {jtag_cable_name =~ "Digilent Zed 210248471522" && level==0} -index 1' command is executed.
15:03:28 INFO  : 'fpga -state' command is executed.
15:03:41 INFO  : Connected to target on host '127.0.0.1' and port '3121'.
15:03:41 INFO  : 'targets -set -filter {jtag_cable_name =~ "Digilent Zed 210248471522" && level==0} -index 1' command is executed.
15:03:45 INFO  : FPGA configured successfully with bitstream "/home/longqi/zynq_Gpio/zynq_Gpio.sdk/design_gpio_led_wrapper_hw_platform_0/design_gpio_led_wrapper.bit"
15:03:50 INFO  : Connected to target on host '127.0.0.1' and port '3121'.
15:03:50 INFO  : 'targets -set -filter {jtag_cable_name =~ "Digilent Zed 210248471522" && level==0} -index 1' command is executed.
15:03:50 INFO  : 'fpga -state' command is executed.
15:03:50 INFO  : Connected to target on host '127.0.0.1' and port '3121'.
15:03:50 INFO  : 'targets -set -filter {name =~"APU" && jtag_cable_name =~ "Digilent Zed 210248471522"} -index 0' command is executed.
15:03:54 INFO  : Mermory regions for PS have been updated.
15:03:54 INFO  : Sourcing of '/home/longqi/zynq_Gpio/zynq_Gpio.sdk/design_gpio_led_wrapper_hw_platform_0/ps7_init.tcl' is done.
15:03:54 INFO  : 'targets -set -filter {name =~"APU" && jtag_cable_name =~ "Digilent Zed 210248471522"} -index 0' command is executed.
15:04:02 INFO  : 'ps7_init' command is executed.
15:04:02 INFO  : 'ps7_post_config' command is executed.
15:04:03 INFO  : Context for processor 'ps7_cortexa9_0' is selected.
15:04:03 INFO  : Processor reset is completed for 'ps7_cortexa9_0'.
15:04:03 INFO  : Context for processor 'ps7_cortexa9_0' is selected.
15:04:04 INFO  : The application '/home/longqi/zynq_Gpio/zynq_Gpio.sdk/gpio_led/Debug/gpio_led.elf' is downloaded to processor 'ps7_cortexa9_0'.
15:04:04 INFO  : ----------------XSDB Script----------------
connect -url tcp:127.0.0.1:3121
targets -set -filter {name =~"APU" && jtag_cable_name =~ "Digilent Zed 210248471522"} -index 0
memmap -addr 1092616192 -size 65536 -flags 3
memmap -addr 4160782336 -size 4096 -flags 3
memmap -addr 4160786432 -size 4096 -flags 3
memmap -addr 4160790528 -size 4096 -flags 3
memmap -addr 4160794624 -size 4096 -flags 3
memmap -addr 4169138176 -size 1048576 -flags 3
memmap -addr 1048576 -size 535822336 -flags 3
memmap -addr 4160774144 -size 4096 -flags 3
memmap -addr 4160778240 -size 256 -flags 3
memmap -addr 4160765952 -size 4096 -flags 3
memmap -addr 4160761856 -size 4096 -flags 3
memmap -addr 3758141440 -size 4096 -flags 3
memmap -addr 4176478720 -size 256 -flags 3
memmap -addr 3758137344 -size 4096 -flags 3
memmap -addr 4170186752 -size 1048576 -flags 3
memmap -addr 4176482304 -size 4096 -flags 3
memmap -addr 3760193536 -size 4096 -flags 3
memmap -addr 4176486400 -size 4096 -flags 3
memmap -addr 4160798720 -size 4096 -flags 3
memmap -addr 4176486400 -size 4096 -flags 3
memmap -addr 4169732096 -size 4096 -flags 3
memmap -addr 3758149632 -size 4096 -flags 3
memmap -addr 4227858432 -size 16777216 -flags 3
memmap -addr 0 -size 196608 -flags 3
memmap -addr 4294901760 -size 65024 -flags 3
memmap -addr 4176478208 -size 253 -flags 3
memmap -addr 4176482304 -size 4096 -flags 3
memmap -addr 4176479744 -size 32 -flags 3
memmap -addr 4176479776 -size 224 -flags 3
memmap -addr 3759144960 -size 4096 -flags 3
memmap -addr 4160749568 -size 4096 -flags 3
memmap -addr 4160753664 -size 4096 -flags 3
memmap -addr 3758100480 -size 4096 -flags 3
memmap -addr 3758104576 -size 4096 -flags 3
memmap -addr 4160778496 -size 33 -flags 3
source /home/longqi/zynq_Gpio/zynq_Gpio.sdk/design_gpio_led_wrapper_hw_platform_0/ps7_init.tcl
targets -set -filter {name =~"APU" && jtag_cable_name =~ "Digilent Zed 210248471522"} -index 0
ps7_init
ps7_post_config
targets -set -nocase -filter {name =~ "ARM*#0" && jtag_cable_name =~ "Digilent Zed 210248471522"} -index 0
rst -processor
targets -set -nocase -filter {name =~ "ARM*#0" && jtag_cable_name =~ "Digilent Zed 210248471522"} -index 0
dow /home/longqi/zynq_Gpio/zynq_Gpio.sdk/gpio_led/Debug/gpio_led.elf
----------------End of Script----------------

15:04:04 INFO  : Memory regions updated for context APU
15:04:04 INFO  : Context for processor 'ps7_cortexa9_0' is selected.
15:04:04 INFO  : 'con' command is executed.
15:04:04 INFO  : ----------------XSDB Script (After Launch)----------------
targets -set -nocase -filter {name =~ "ARM*#0" && jtag_cable_name =~ "Digilent Zed 210248471522"} -index 0
con
----------------End of Script----------------

15:07:48 INFO  : Disconnected from the channel tcfchan#1.
15:07:48 INFO  : Connected to target on host '127.0.0.1' and port '3121'.
15:07:48 INFO  : 'targets -set -filter {jtag_cable_name =~ "Digilent Zed 210248471522" && level==0} -index 1' command is executed.
15:07:48 INFO  : 'fpga -state' command is executed.
15:07:48 INFO  : Connected to target on host '127.0.0.1' and port '3121'.
15:07:49 INFO  : 'targets -set -filter {name =~"APU" && jtag_cable_name =~ "Digilent Zed 210248471522"} -index 0' command is executed.
15:07:52 INFO  : Mermory regions for PS have been updated.
15:07:52 INFO  : Sourcing of '/home/longqi/zynq_Gpio/zynq_Gpio.sdk/design_gpio_led_wrapper_hw_platform_0/ps7_init.tcl' is done.
15:07:53 INFO  : 'targets -set -filter {name =~"APU" && jtag_cable_name =~ "Digilent Zed 210248471522"} -index 0' command is executed.
15:07:56 INFO  : 'ps7_init' command is executed.
15:07:57 INFO  : 'ps7_post_config' command is executed.
15:07:57 INFO  : Context for processor 'ps7_cortexa9_0' is selected.
15:07:57 INFO  : Processor reset is completed for 'ps7_cortexa9_0'.
15:07:57 INFO  : Context for processor 'ps7_cortexa9_0' is selected.
15:07:58 INFO  : The application '/home/longqi/zynq_Gpio/zynq_Gpio.sdk/gpio_led/Debug/gpio_led.elf' is downloaded to processor 'ps7_cortexa9_0'.
15:07:58 INFO  : ----------------XSDB Script----------------
connect -url tcp:127.0.0.1:3121
targets -set -filter {name =~"APU" && jtag_cable_name =~ "Digilent Zed 210248471522"} -index 0
memmap -addr 1092616192 -size 65536 -flags 3
memmap -addr 4160782336 -size 4096 -flags 3
memmap -addr 4160786432 -size 4096 -flags 3
memmap -addr 4160790528 -size 4096 -flags 3
memmap -addr 4160794624 -size 4096 -flags 3
memmap -addr 4169138176 -size 1048576 -flags 3
memmap -addr 1048576 -size 535822336 -flags 3
memmap -addr 4160774144 -size 4096 -flags 3
memmap -addr 4160778240 -size 256 -flags 3
memmap -addr 4160765952 -size 4096 -flags 3
memmap -addr 4160761856 -size 4096 -flags 3
memmap -addr 3758141440 -size 4096 -flags 3
memmap -addr 4176478720 -size 256 -flags 3
memmap -addr 3758137344 -size 4096 -flags 3
memmap -addr 4170186752 -size 1048576 -flags 3
memmap -addr 4176482304 -size 4096 -flags 3
memmap -addr 3760193536 -size 4096 -flags 3
memmap -addr 4176486400 -size 4096 -flags 3
memmap -addr 4160798720 -size 4096 -flags 3
memmap -addr 4176486400 -size 4096 -flags 3
memmap -addr 4169732096 -size 4096 -flags 3
memmap -addr 3758149632 -size 4096 -flags 3
memmap -addr 4227858432 -size 16777216 -flags 3
memmap -addr 0 -size 196608 -flags 3
memmap -addr 4294901760 -size 65024 -flags 3
memmap -addr 4176478208 -size 253 -flags 3
memmap -addr 4176482304 -size 4096 -flags 3
memmap -addr 4176479744 -size 32 -flags 3
memmap -addr 4176479776 -size 224 -flags 3
memmap -addr 3759144960 -size 4096 -flags 3
memmap -addr 4160749568 -size 4096 -flags 3
memmap -addr 4160753664 -size 4096 -flags 3
memmap -addr 3758100480 -size 4096 -flags 3
memmap -addr 3758104576 -size 4096 -flags 3
memmap -addr 4160778496 -size 33 -flags 3
source /home/longqi/zynq_Gpio/zynq_Gpio.sdk/design_gpio_led_wrapper_hw_platform_0/ps7_init.tcl
targets -set -filter {name =~"APU" && jtag_cable_name =~ "Digilent Zed 210248471522"} -index 0
ps7_init
ps7_post_config
targets -set -nocase -filter {name =~ "ARM*#0" && jtag_cable_name =~ "Digilent Zed 210248471522"} -index 0
rst -processor
targets -set -nocase -filter {name =~ "ARM*#0" && jtag_cable_name =~ "Digilent Zed 210248471522"} -index 0
dow /home/longqi/zynq_Gpio/zynq_Gpio.sdk/gpio_led/Debug/gpio_led.elf
----------------End of Script----------------

15:07:58 INFO  : Memory regions updated for context APU
15:07:58 INFO  : Context for processor 'ps7_cortexa9_0' is selected.
15:07:58 INFO  : 'con' command is executed.
15:07:58 INFO  : ----------------XSDB Script (After Launch)----------------
targets -set -nocase -filter {name =~ "ARM*#0" && jtag_cable_name =~ "Digilent Zed 210248471522"} -index 0
con
----------------End of Script----------------

15:08:25 INFO  : Launching XSDB server: xsdb -n -s /opt/Xilinx/SDK/2015.2/scripts/xsdb/xsdb/xsdb-server.tcl
15:08:26 INFO  : XSDB server has started successfully.
15:08:26 INFO  : Processing command line option -hwspec /home/longqi/zynq_Gpio/zynq_Gpio.sdk/design_gpio_led_wrapper.hdf.
15:08:27 INFO  : Checking for hwspec changes in the project design_gpio_led_wrapper_hw_platform_0.
15:08:42 INFO  : Connected to target on host '127.0.0.1' and port '3121'.
15:08:42 INFO  : 'targets -set -filter {jtag_cable_name =~ "Digilent Zed 210248471522" && level==0} -index 1' command is executed.
15:08:42 INFO  : 'fpga -state' command is executed.
15:08:42 INFO  : Connected to target on host '127.0.0.1' and port '3121'.
15:08:43 INFO  : 'targets -set -filter {name =~"APU" && jtag_cable_name =~ "Digilent Zed 210248471522"} -index 0' command is executed.
15:08:46 INFO  : Mermory regions for PS have been updated.
15:08:46 INFO  : Sourcing of '/home/longqi/zynq_Gpio/zynq_Gpio.sdk/design_gpio_led_wrapper_hw_platform_0/ps7_init.tcl' is done.
15:08:47 INFO  : 'targets -set -filter {name =~"APU" && jtag_cable_name =~ "Digilent Zed 210248471522"} -index 0' command is executed.
15:08:50 INFO  : 'ps7_init' command is executed.
15:08:51 INFO  : 'ps7_post_config' command is executed.
15:08:51 INFO  : Context for processor 'ps7_cortexa9_0' is selected.
15:08:51 INFO  : Processor reset is completed for 'ps7_cortexa9_0'.
15:08:51 INFO  : Context for processor 'ps7_cortexa9_0' is selected.
15:08:52 INFO  : The application '/home/longqi/zynq_Gpio/zynq_Gpio.sdk/gpio_led/Debug/gpio_led.elf' is downloaded to processor 'ps7_cortexa9_0'.
15:08:52 INFO  : ----------------XSDB Script----------------
connect -url tcp:127.0.0.1:3121
targets -set -filter {name =~"APU" && jtag_cable_name =~ "Digilent Zed 210248471522"} -index 0
memmap -addr 1092616192 -size 65536 -flags 3
memmap -addr 4160782336 -size 4096 -flags 3
memmap -addr 4160786432 -size 4096 -flags 3
memmap -addr 4160790528 -size 4096 -flags 3
memmap -addr 4160794624 -size 4096 -flags 3
memmap -addr 4169138176 -size 1048576 -flags 3
memmap -addr 1048576 -size 535822336 -flags 3
memmap -addr 4160774144 -size 4096 -flags 3
memmap -addr 4160778240 -size 256 -flags 3
memmap -addr 4160765952 -size 4096 -flags 3
memmap -addr 4160761856 -size 4096 -flags 3
memmap -addr 3758141440 -size 4096 -flags 3
memmap -addr 4176478720 -size 256 -flags 3
memmap -addr 3758137344 -size 4096 -flags 3
memmap -addr 4170186752 -size 1048576 -flags 3
memmap -addr 4176482304 -size 4096 -flags 3
memmap -addr 3760193536 -size 4096 -flags 3
memmap -addr 4176486400 -size 4096 -flags 3
memmap -addr 4160798720 -size 4096 -flags 3
memmap -addr 4176486400 -size 4096 -flags 3
memmap -addr 4169732096 -size 4096 -flags 3
memmap -addr 3758149632 -size 4096 -flags 3
memmap -addr 4227858432 -size 16777216 -flags 3
memmap -addr 0 -size 196608 -flags 3
memmap -addr 4294901760 -size 65024 -flags 3
memmap -addr 4176478208 -size 253 -flags 3
memmap -addr 4176482304 -size 4096 -flags 3
memmap -addr 4176479744 -size 32 -flags 3
memmap -addr 4176479776 -size 224 -flags 3
memmap -addr 3759144960 -size 4096 -flags 3
memmap -addr 4160749568 -size 4096 -flags 3
memmap -addr 4160753664 -size 4096 -flags 3
memmap -addr 3758100480 -size 4096 -flags 3
memmap -addr 3758104576 -size 4096 -flags 3
memmap -addr 4160778496 -size 33 -flags 3
source /home/longqi/zynq_Gpio/zynq_Gpio.sdk/design_gpio_led_wrapper_hw_platform_0/ps7_init.tcl
targets -set -filter {name =~"APU" && jtag_cable_name =~ "Digilent Zed 210248471522"} -index 0
ps7_init
ps7_post_config
targets -set -nocase -filter {name =~ "ARM*#0" && jtag_cable_name =~ "Digilent Zed 210248471522"} -index 0
rst -processor
targets -set -nocase -filter {name =~ "ARM*#0" && jtag_cable_name =~ "Digilent Zed 210248471522"} -index 0
dow /home/longqi/zynq_Gpio/zynq_Gpio.sdk/gpio_led/Debug/gpio_led.elf
----------------End of Script----------------

15:08:52 INFO  : Memory regions updated for context APU
15:08:52 INFO  : Context for processor 'ps7_cortexa9_0' is selected.
15:08:52 INFO  : 'con' command is executed.
15:08:52 INFO  : ----------------XSDB Script (After Launch)----------------
targets -set -nocase -filter {name =~ "ARM*#0" && jtag_cable_name =~ "Digilent Zed 210248471522"} -index 0
con
----------------End of Script----------------

15:09:57 INFO  : Disconnected from the channel tcfchan#1.
15:09:58 ERROR : Unexpected error while parsing XMD response ￿: com.google.gson.JsonSyntaxException: com.google.gson.stream.MalformedJsonException: invalid number or unquoted string near 
15:11:00 INFO  : Launching XSDB server: xsdb -n -s /opt/Xilinx/SDK/2015.2/scripts/xsdb/xsdb/xsdb-server.tcl
15:11:01 INFO  : XSDB server has started successfully.
15:11:25 INFO  : Connected to target on host '127.0.0.1' and port '3121'.
15:11:25 INFO  : 'targets -set -filter {jtag_cable_name =~ "Digilent Zed 210248471522" && level==0} -index 1' command is executed.
15:11:25 INFO  : 'fpga -state' command is executed.
15:11:25 INFO  : Connected to target on host '127.0.0.1' and port '3121'.
15:11:25 INFO  : 'targets -set -filter {name =~"APU" && jtag_cable_name =~ "Digilent Zed 210248471522"} -index 0' command is executed.
15:11:29 INFO  : Mermory regions for PS have been updated.
15:11:29 INFO  : Sourcing of '/home/longqi/zynq_Gpio/zynq_Gpio.sdk/design_gpio_led_wrapper_hw_platform_0/ps7_init.tcl' is done.
15:11:29 INFO  : 'targets -set -filter {name =~"APU" && jtag_cable_name =~ "Digilent Zed 210248471522"} -index 0' command is executed.
15:11:32 INFO  : 'ps7_init' command is executed.
15:11:32 INFO  : 'ps7_post_config' command is executed.
15:11:33 INFO  : Context for processor 'ps7_cortexa9_0' is selected.
15:11:33 INFO  : Processor reset is completed for 'ps7_cortexa9_0'.
15:11:33 INFO  : Context for processor 'ps7_cortexa9_0' is selected.
15:11:33 INFO  : The application '/home/longqi/zynq_Gpio/zynq_Gpio.sdk/gpio_led/Debug/gpio_led.elf' is downloaded to processor 'ps7_cortexa9_0'.
15:11:33 INFO  : ----------------XSDB Script----------------
connect -url tcp:127.0.0.1:3121
targets -set -filter {name =~"APU" && jtag_cable_name =~ "Digilent Zed 210248471522"} -index 0
memmap -addr 1092616192 -size 65536 -flags 3
memmap -addr 4160782336 -size 4096 -flags 3
memmap -addr 4160786432 -size 4096 -flags 3
memmap -addr 4160790528 -size 4096 -flags 3
memmap -addr 4160794624 -size 4096 -flags 3
memmap -addr 4169138176 -size 1048576 -flags 3
memmap -addr 1048576 -size 535822336 -flags 3
memmap -addr 4160774144 -size 4096 -flags 3
memmap -addr 4160778240 -size 256 -flags 3
memmap -addr 4160765952 -size 4096 -flags 3
memmap -addr 4160761856 -size 4096 -flags 3
memmap -addr 3758141440 -size 4096 -flags 3
memmap -addr 4176478720 -size 256 -flags 3
memmap -addr 3758137344 -size 4096 -flags 3
memmap -addr 4170186752 -size 1048576 -flags 3
memmap -addr 4176482304 -size 4096 -flags 3
memmap -addr 3760193536 -size 4096 -flags 3
memmap -addr 4176486400 -size 4096 -flags 3
memmap -addr 4160798720 -size 4096 -flags 3
memmap -addr 4176486400 -size 4096 -flags 3
memmap -addr 4169732096 -size 4096 -flags 3
memmap -addr 3758149632 -size 4096 -flags 3
memmap -addr 4227858432 -size 16777216 -flags 3
memmap -addr 0 -size 196608 -flags 3
memmap -addr 4294901760 -size 65024 -flags 3
memmap -addr 4176478208 -size 253 -flags 3
memmap -addr 4176482304 -size 4096 -flags 3
memmap -addr 4176479744 -size 32 -flags 3
memmap -addr 4176479776 -size 224 -flags 3
memmap -addr 3759144960 -size 4096 -flags 3
memmap -addr 4160749568 -size 4096 -flags 3
memmap -addr 4160753664 -size 4096 -flags 3
memmap -addr 3758100480 -size 4096 -flags 3
memmap -addr 3758104576 -size 4096 -flags 3
memmap -addr 4160778496 -size 33 -flags 3
source /home/longqi/zynq_Gpio/zynq_Gpio.sdk/design_gpio_led_wrapper_hw_platform_0/ps7_init.tcl
targets -set -filter {name =~"APU" && jtag_cable_name =~ "Digilent Zed 210248471522"} -index 0
ps7_init
ps7_post_config
targets -set -nocase -filter {name =~ "ARM*#0" && jtag_cable_name =~ "Digilent Zed 210248471522"} -index 0
rst -processor
targets -set -nocase -filter {name =~ "ARM*#0" && jtag_cable_name =~ "Digilent Zed 210248471522"} -index 0
dow /home/longqi/zynq_Gpio/zynq_Gpio.sdk/gpio_led/Debug/gpio_led.elf
----------------End of Script----------------

15:11:34 INFO  : Memory regions updated for context APU
15:11:34 INFO  : Context for processor 'ps7_cortexa9_0' is selected.
15:11:34 INFO  : 'con' command is executed.
15:11:34 INFO  : ----------------XSDB Script (After Launch)----------------
targets -set -nocase -filter {name =~ "ARM*#0" && jtag_cable_name =~ "Digilent Zed 210248471522"} -index 0
con
----------------End of Script----------------

15:13:27 INFO  : Launching XSDB server: xsdb -n -s /opt/Xilinx/SDK/2015.2/scripts/xsdb/xsdb/xsdb-server.tcl
15:13:28 INFO  : XSDB server has started successfully.
15:14:31 INFO  : Connected to target on host '127.0.0.1' and port '3121'.
15:14:32 INFO  : 'targets -set -filter {jtag_cable_name =~ "Digilent Zed 210248471522" && level==0} -index 1' command is executed.
15:14:32 INFO  : 'fpga -state' command is executed.
15:14:32 INFO  : Connected to target on host '127.0.0.1' and port '3121'.
15:14:32 INFO  : 'targets -set -filter {name =~"APU" && jtag_cable_name =~ "Digilent Zed 210248471522"} -index 0' command is executed.
15:14:36 INFO  : Mermory regions for PS have been updated.
15:14:36 INFO  : Sourcing of '/home/longqi/zynq_Gpio/zynq_Gpio.sdk/design_gpio_led_wrapper_hw_platform_0/ps7_init.tcl' is done.
15:14:36 INFO  : 'targets -set -filter {name =~"APU" && jtag_cable_name =~ "Digilent Zed 210248471522"} -index 0' command is executed.
15:14:41 INFO  : 'ps7_init' command is executed.
15:14:41 INFO  : 'ps7_post_config' command is executed.
15:14:41 INFO  : Context for processor 'ps7_cortexa9_0' is selected.
15:14:41 INFO  : Processor reset is completed for 'ps7_cortexa9_0'.
15:14:42 INFO  : Context for processor 'ps7_cortexa9_0' is selected.
15:14:42 INFO  : The application '/home/longqi/zynq_Gpio/zynq_Gpio.sdk/gpio_led/Debug/gpio_led.elf' is downloaded to processor 'ps7_cortexa9_0'.
15:14:42 INFO  : ----------------XSDB Script----------------
connect -url tcp:127.0.0.1:3121
targets -set -filter {name =~"APU" && jtag_cable_name =~ "Digilent Zed 210248471522"} -index 0
memmap -addr 1092616192 -size 65536 -flags 3
memmap -addr 4160782336 -size 4096 -flags 3
memmap -addr 4160786432 -size 4096 -flags 3
memmap -addr 4160790528 -size 4096 -flags 3
memmap -addr 4160794624 -size 4096 -flags 3
memmap -addr 4169138176 -size 1048576 -flags 3
memmap -addr 1048576 -size 535822336 -flags 3
memmap -addr 4160774144 -size 4096 -flags 3
memmap -addr 4160778240 -size 256 -flags 3
memmap -addr 4160765952 -size 4096 -flags 3
memmap -addr 4160761856 -size 4096 -flags 3
memmap -addr 3758141440 -size 4096 -flags 3
memmap -addr 4176478720 -size 256 -flags 3
memmap -addr 3758137344 -size 4096 -flags 3
memmap -addr 4170186752 -size 1048576 -flags 3
memmap -addr 4176482304 -size 4096 -flags 3
memmap -addr 3760193536 -size 4096 -flags 3
memmap -addr 4176486400 -size 4096 -flags 3
memmap -addr 4160798720 -size 4096 -flags 3
memmap -addr 4176486400 -size 4096 -flags 3
memmap -addr 4169732096 -size 4096 -flags 3
memmap -addr 3758149632 -size 4096 -flags 3
memmap -addr 4227858432 -size 16777216 -flags 3
memmap -addr 0 -size 196608 -flags 3
memmap -addr 4294901760 -size 65024 -flags 3
memmap -addr 4176478208 -size 253 -flags 3
memmap -addr 4176482304 -size 4096 -flags 3
memmap -addr 4176479744 -size 32 -flags 3
memmap -addr 4176479776 -size 224 -flags 3
memmap -addr 3759144960 -size 4096 -flags 3
memmap -addr 4160749568 -size 4096 -flags 3
memmap -addr 4160753664 -size 4096 -flags 3
memmap -addr 3758100480 -size 4096 -flags 3
memmap -addr 3758104576 -size 4096 -flags 3
memmap -addr 4160778496 -size 33 -flags 3
source /home/longqi/zynq_Gpio/zynq_Gpio.sdk/design_gpio_led_wrapper_hw_platform_0/ps7_init.tcl
targets -set -filter {name =~"APU" && jtag_cable_name =~ "Digilent Zed 210248471522"} -index 0
ps7_init
ps7_post_config
targets -set -nocase -filter {name =~ "ARM*#0" && jtag_cable_name =~ "Digilent Zed 210248471522"} -index 0
rst -processor
targets -set -nocase -filter {name =~ "ARM*#0" && jtag_cable_name =~ "Digilent Zed 210248471522"} -index 0
dow /home/longqi/zynq_Gpio/zynq_Gpio.sdk/gpio_led/Debug/gpio_led.elf
----------------End of Script----------------

15:14:42 INFO  : Memory regions updated for context APU
15:14:42 INFO  : Context for processor 'ps7_cortexa9_0' is selected.
15:14:42 INFO  : 'con' command is executed.
15:14:42 INFO  : ----------------XSDB Script (After Launch)----------------
targets -set -nocase -filter {name =~ "ARM*#0" && jtag_cable_name =~ "Digilent Zed 210248471522"} -index 0
con
----------------End of Script----------------

15:15:19 INFO  : Disconnected from the channel tcfchan#1.
15:15:19 INFO  : Connected to target on host '127.0.0.1' and port '3121'.
15:15:19 INFO  : 'targets -set -filter {jtag_cable_name =~ "Digilent Zed 210248471522" && level==0} -index 1' command is executed.
15:15:20 INFO  : 'fpga -state' command is executed.
15:15:20 INFO  : Connected to target on host '127.0.0.1' and port '3121'.
15:15:20 INFO  : 'targets -set -filter {name =~"APU" && jtag_cable_name =~ "Digilent Zed 210248471522"} -index 0' command is executed.
15:15:23 INFO  : Mermory regions for PS have been updated.
15:15:23 INFO  : Sourcing of '/home/longqi/zynq_Gpio/zynq_Gpio.sdk/design_gpio_led_wrapper_hw_platform_0/ps7_init.tcl' is done.
15:15:24 INFO  : 'targets -set -filter {name =~"APU" && jtag_cable_name =~ "Digilent Zed 210248471522"} -index 0' command is executed.
15:15:30 ERROR : AP transaction timeout
15:15:30 INFO  : ----------------XSDB Script----------------
connect -url tcp:127.0.0.1:3121
targets -set -filter {name =~"APU" && jtag_cable_name =~ "Digilent Zed 210248471522"} -index 0
memmap -addr 1092616192 -size 65536 -flags 3
memmap -addr 4160782336 -size 4096 -flags 3
memmap -addr 4160786432 -size 4096 -flags 3
memmap -addr 4160790528 -size 4096 -flags 3
memmap -addr 4160794624 -size 4096 -flags 3
memmap -addr 4169138176 -size 1048576 -flags 3
memmap -addr 1048576 -size 535822336 -flags 3
memmap -addr 4160774144 -size 4096 -flags 3
memmap -addr 4160778240 -size 256 -flags 3
memmap -addr 4160765952 -size 4096 -flags 3
memmap -addr 4160761856 -size 4096 -flags 3
memmap -addr 3758141440 -size 4096 -flags 3
memmap -addr 4176478720 -size 256 -flags 3
memmap -addr 3758137344 -size 4096 -flags 3
memmap -addr 4170186752 -size 1048576 -flags 3
memmap -addr 4176482304 -size 4096 -flags 3
memmap -addr 3760193536 -size 4096 -flags 3
memmap -addr 4176486400 -size 4096 -flags 3
memmap -addr 4160798720 -size 4096 -flags 3
memmap -addr 4176486400 -size 4096 -flags 3
memmap -addr 4169732096 -size 4096 -flags 3
memmap -addr 3758149632 -size 4096 -flags 3
memmap -addr 4227858432 -size 16777216 -flags 3
memmap -addr 0 -size 196608 -flags 3
memmap -addr 4294901760 -size 65024 -flags 3
memmap -addr 4176478208 -size 253 -flags 3
memmap -addr 4176482304 -size 4096 -flags 3
memmap -addr 4176479744 -size 32 -flags 3
memmap -addr 4176479776 -size 224 -flags 3
memmap -addr 3759144960 -size 4096 -flags 3
memmap -addr 4160749568 -size 4096 -flags 3
memmap -addr 4160753664 -size 4096 -flags 3
memmap -addr 3758100480 -size 4096 -flags 3
memmap -addr 3758104576 -size 4096 -flags 3
memmap -addr 4160778496 -size 33 -flags 3
source /home/longqi/zynq_Gpio/zynq_Gpio.sdk/design_gpio_led_wrapper_hw_platform_0/ps7_init.tcl
targets -set -filter {name =~"APU" && jtag_cable_name =~ "Digilent Zed 210248471522"} -index 0
ps7_init
----------------End of Script----------------

15:15:50 INFO  : Connected to target on host '127.0.0.1' and port '3121'.
15:15:50 INFO  : 'targets -set -filter {jtag_cable_name =~ "Digilent Zed 210248471522" && level==0} -index 1' command is executed.
15:15:50 INFO  : 'fpga -state' command is executed.
15:15:50 INFO  : Connected to target on host '127.0.0.1' and port '3121'.
15:15:50 INFO  : 'targets -set -filter {name =~"APU" && jtag_cable_name =~ "Digilent Zed 210248471522"} -index 0' command is executed.
15:15:54 INFO  : Mermory regions for PS have been updated.
15:15:54 INFO  : Sourcing of '/home/longqi/zynq_Gpio/zynq_Gpio.sdk/design_gpio_led_wrapper_hw_platform_0/ps7_init.tcl' is done.
15:15:54 INFO  : 'targets -set -filter {name =~"APU" && jtag_cable_name =~ "Digilent Zed 210248471522"} -index 0' command is executed.
15:20:08 ERROR : AP transaction error, DP status f0000021
15:20:08 INFO  : ----------------XSDB Script----------------
connect -url tcp:127.0.0.1:3121
targets -set -filter {name =~"APU" && jtag_cable_name =~ "Digilent Zed 210248471522"} -index 0
memmap -addr 1092616192 -size 65536 -flags 3
memmap -addr 4160782336 -size 4096 -flags 3
memmap -addr 4160786432 -size 4096 -flags 3
memmap -addr 4160790528 -size 4096 -flags 3
memmap -addr 4160794624 -size 4096 -flags 3
memmap -addr 4169138176 -size 1048576 -flags 3
memmap -addr 1048576 -size 535822336 -flags 3
memmap -addr 4160774144 -size 4096 -flags 3
memmap -addr 4160778240 -size 256 -flags 3
memmap -addr 4160765952 -size 4096 -flags 3
memmap -addr 4160761856 -size 4096 -flags 3
memmap -addr 3758141440 -size 4096 -flags 3
memmap -addr 4176478720 -size 256 -flags 3
memmap -addr 3758137344 -size 4096 -flags 3
memmap -addr 4170186752 -size 1048576 -flags 3
memmap -addr 4176482304 -size 4096 -flags 3
memmap -addr 3760193536 -size 4096 -flags 3
memmap -addr 4176486400 -size 4096 -flags 3
memmap -addr 4160798720 -size 4096 -flags 3
memmap -addr 4176486400 -size 4096 -flags 3
memmap -addr 4169732096 -size 4096 -flags 3
memmap -addr 3758149632 -size 4096 -flags 3
memmap -addr 4227858432 -size 16777216 -flags 3
memmap -addr 0 -size 196608 -flags 3
memmap -addr 4294901760 -size 65024 -flags 3
memmap -addr 4176478208 -size 253 -flags 3
memmap -addr 4176482304 -size 4096 -flags 3
memmap -addr 4176479744 -size 32 -flags 3
memmap -addr 4176479776 -size 224 -flags 3
memmap -addr 3759144960 -size 4096 -flags 3
memmap -addr 4160749568 -size 4096 -flags 3
memmap -addr 4160753664 -size 4096 -flags 3
memmap -addr 3758100480 -size 4096 -flags 3
memmap -addr 3758104576 -size 4096 -flags 3
memmap -addr 4160778496 -size 33 -flags 3
source /home/longqi/zynq_Gpio/zynq_Gpio.sdk/design_gpio_led_wrapper_hw_platform_0/ps7_init.tcl
targets -set -filter {name =~"APU" && jtag_cable_name =~ "Digilent Zed 210248471522"} -index 0
ps7_init
----------------End of Script----------------

15:20:26 INFO  : Connected to target on host '127.0.0.1' and port '3121'.
15:20:26 INFO  : 'targets -set -filter {jtag_cable_name =~ "Digilent Zed 210248471522" && level==0} -index 1' command is executed.
15:20:26 INFO  : 'fpga -state' command is executed.
15:20:30 INFO  : Connected to target on host '127.0.0.1' and port '3121'.
15:20:31 INFO  : 'targets -set -filter {name =~"APU" && jtag_cable_name =~ "Digilent Zed 210248471522"} -index 0' command is executed.
15:20:34 INFO  : Mermory regions for PS have been updated.
15:20:34 INFO  : Sourcing of '/home/longqi/zynq_Gpio/zynq_Gpio.sdk/design_gpio_led_wrapper_hw_platform_0/ps7_init.tcl' is done.
15:20:35 INFO  : 'targets -set -filter {name =~"APU" && jtag_cable_name =~ "Digilent Zed 210248471522"} -index 0' command is executed.
15:20:43 INFO  : 'ps7_init' command is executed.
15:20:43 INFO  : 'ps7_post_config' command is executed.
15:20:44 INFO  : Context for processor 'ps7_cortexa9_0' is selected.
15:20:44 INFO  : Processor reset is completed for 'ps7_cortexa9_0'.
15:20:44 INFO  : Context for processor 'ps7_cortexa9_0' is selected.
15:20:44 INFO  : The application '/home/longqi/zynq_Gpio/zynq_Gpio.sdk/gpio_led/Debug/gpio_led.elf' is downloaded to processor 'ps7_cortexa9_0'.
15:20:44 INFO  : ----------------XSDB Script----------------
connect -url tcp:127.0.0.1:3121
targets -set -filter {name =~"APU" && jtag_cable_name =~ "Digilent Zed 210248471522"} -index 0
memmap -addr 1092616192 -size 65536 -flags 3
memmap -addr 4160782336 -size 4096 -flags 3
memmap -addr 4160786432 -size 4096 -flags 3
memmap -addr 4160790528 -size 4096 -flags 3
memmap -addr 4160794624 -size 4096 -flags 3
memmap -addr 4169138176 -size 1048576 -flags 3
memmap -addr 1048576 -size 535822336 -flags 3
memmap -addr 4160774144 -size 4096 -flags 3
memmap -addr 4160778240 -size 256 -flags 3
memmap -addr 4160765952 -size 4096 -flags 3
memmap -addr 4160761856 -size 4096 -flags 3
memmap -addr 3758141440 -size 4096 -flags 3
memmap -addr 4176478720 -size 256 -flags 3
memmap -addr 3758137344 -size 4096 -flags 3
memmap -addr 4170186752 -size 1048576 -flags 3
memmap -addr 4176482304 -size 4096 -flags 3
memmap -addr 3760193536 -size 4096 -flags 3
memmap -addr 4176486400 -size 4096 -flags 3
memmap -addr 4160798720 -size 4096 -flags 3
memmap -addr 4176486400 -size 4096 -flags 3
memmap -addr 4169732096 -size 4096 -flags 3
memmap -addr 3758149632 -size 4096 -flags 3
memmap -addr 4227858432 -size 16777216 -flags 3
memmap -addr 0 -size 196608 -flags 3
memmap -addr 4294901760 -size 65024 -flags 3
memmap -addr 4176478208 -size 253 -flags 3
memmap -addr 4176482304 -size 4096 -flags 3
memmap -addr 4176479744 -size 32 -flags 3
memmap -addr 4176479776 -size 224 -flags 3
memmap -addr 3759144960 -size 4096 -flags 3
memmap -addr 4160749568 -size 4096 -flags 3
memmap -addr 4160753664 -size 4096 -flags 3
memmap -addr 3758100480 -size 4096 -flags 3
memmap -addr 3758104576 -size 4096 -flags 3
memmap -addr 4160778496 -size 33 -flags 3
source /home/longqi/zynq_Gpio/zynq_Gpio.sdk/design_gpio_led_wrapper_hw_platform_0/ps7_init.tcl
targets -set -filter {name =~"APU" && jtag_cable_name =~ "Digilent Zed 210248471522"} -index 0
ps7_init
ps7_post_config
targets -set -nocase -filter {name =~ "ARM*#0" && jtag_cable_name =~ "Digilent Zed 210248471522"} -index 0
rst -processor
targets -set -nocase -filter {name =~ "ARM*#0" && jtag_cable_name =~ "Digilent Zed 210248471522"} -index 0
dow /home/longqi/zynq_Gpio/zynq_Gpio.sdk/gpio_led/Debug/gpio_led.elf
----------------End of Script----------------

15:20:45 INFO  : Memory regions updated for context APU
15:20:45 INFO  : Context for processor 'ps7_cortexa9_0' is selected.
15:20:45 INFO  : 'con' command is executed.
15:20:45 INFO  : ----------------XSDB Script (After Launch)----------------
targets -set -nocase -filter {name =~ "ARM*#0" && jtag_cable_name =~ "Digilent Zed 210248471522"} -index 0
con
----------------End of Script----------------

15:22:42 INFO  : Launching XSDB server: xsdb -n -s /opt/Xilinx/SDK/2015.2/scripts/xsdb/xsdb/xsdb-server.tcl
15:22:42 INFO  : Launching XSDB server: xsdb -n -s /opt/Xilinx/SDK/2015.2/scripts/xsdb/xsdb/xsdb-server.tcl
15:22:43 INFO  : XSDB server has started successfully.
15:22:43 INFO  : XSDB server has started successfully.
15:25:24 INFO  : Launching XSDB server: xsdb -n -s /opt/Xilinx/SDK/2015.2/scripts/xsdb/xsdb/xsdb-server.tcl
15:25:25 INFO  : XSDB server has started successfully.
15:26:14 INFO  : Launching XSDB server: xsdb -n -s /opt/Xilinx/SDK/2015.2/scripts/xsdb/xsdb/xsdb-server.tcl
15:26:15 INFO  : XSDB server has started successfully.
15:27:03 INFO  : Launching XSDB server: xsdb -n -s /opt/Xilinx/SDK/2015.2/scripts/xsdb/xsdb/xsdb-server.tcl
15:27:04 INFO  : XSDB server has started successfully.
15:27:33 INFO  : Connected to target on host '127.0.0.1' and port '3121'.
15:27:33 INFO  : 'targets -set -filter {jtag_cable_name =~ "Digilent Zed 210248471522" && level==0} -index 1' command is executed.
15:27:33 INFO  : 'fpga -state' command is executed.
15:27:35 INFO  : Connected to target on host '127.0.0.1' and port '3121'.
15:27:35 INFO  : 'targets -set -filter {name =~"APU" && jtag_cable_name =~ "Digilent Zed 210248471522"} -index 0' command is executed.
15:27:39 INFO  : Mermory regions for PS have been updated.
15:27:39 INFO  : Sourcing of '/home/longqi/zynq_Gpio/zynq_Gpio.sdk/design_gpio_led_wrapper_hw_platform_0/ps7_init.tcl' is done.
15:27:39 INFO  : 'targets -set -filter {name =~"APU" && jtag_cable_name =~ "Digilent Zed 210248471522"} -index 0' command is executed.
15:27:44 INFO  : 'ps7_init' command is executed.
15:27:44 INFO  : 'ps7_post_config' command is executed.
15:27:45 INFO  : Context for processor 'ps7_cortexa9_0' is selected.
15:27:45 INFO  : Processor reset is completed for 'ps7_cortexa9_0'.
15:27:45 INFO  : Context for processor 'ps7_cortexa9_0' is selected.
15:27:46 INFO  : The application '/home/longqi/zynq_Gpio/zynq_Gpio.sdk/gpio_led/Debug/gpio_led.elf' is downloaded to processor 'ps7_cortexa9_0'.
15:27:46 INFO  : ----------------XSDB Script----------------
connect -url tcp:127.0.0.1:3121
targets -set -filter {name =~"APU" && jtag_cable_name =~ "Digilent Zed 210248471522"} -index 0
memmap -addr 1092616192 -size 65536 -flags 3
memmap -addr 4160782336 -size 4096 -flags 3
memmap -addr 4160786432 -size 4096 -flags 3
memmap -addr 4160790528 -size 4096 -flags 3
memmap -addr 4160794624 -size 4096 -flags 3
memmap -addr 4169138176 -size 1048576 -flags 3
memmap -addr 1048576 -size 535822336 -flags 3
memmap -addr 4160774144 -size 4096 -flags 3
memmap -addr 4160778240 -size 256 -flags 3
memmap -addr 4160765952 -size 4096 -flags 3
memmap -addr 4160761856 -size 4096 -flags 3
memmap -addr 3758141440 -size 4096 -flags 3
memmap -addr 4176478720 -size 256 -flags 3
memmap -addr 3758137344 -size 4096 -flags 3
memmap -addr 4170186752 -size 1048576 -flags 3
memmap -addr 4176482304 -size 4096 -flags 3
memmap -addr 3760193536 -size 4096 -flags 3
memmap -addr 4176486400 -size 4096 -flags 3
memmap -addr 4160798720 -size 4096 -flags 3
memmap -addr 4176486400 -size 4096 -flags 3
memmap -addr 4169732096 -size 4096 -flags 3
memmap -addr 3758149632 -size 4096 -flags 3
memmap -addr 4227858432 -size 16777216 -flags 3
memmap -addr 0 -size 196608 -flags 3
memmap -addr 4294901760 -size 65024 -flags 3
memmap -addr 4176478208 -size 253 -flags 3
memmap -addr 4176482304 -size 4096 -flags 3
memmap -addr 4176479744 -size 32 -flags 3
memmap -addr 4176479776 -size 224 -flags 3
memmap -addr 3759144960 -size 4096 -flags 3
memmap -addr 4160749568 -size 4096 -flags 3
memmap -addr 4160753664 -size 4096 -flags 3
memmap -addr 3758100480 -size 4096 -flags 3
memmap -addr 3758104576 -size 4096 -flags 3
memmap -addr 4160778496 -size 33 -flags 3
source /home/longqi/zynq_Gpio/zynq_Gpio.sdk/design_gpio_led_wrapper_hw_platform_0/ps7_init.tcl
targets -set -filter {name =~"APU" && jtag_cable_name =~ "Digilent Zed 210248471522"} -index 0
ps7_init
ps7_post_config
targets -set -nocase -filter {name =~ "ARM*#0" && jtag_cable_name =~ "Digilent Zed 210248471522"} -index 0
rst -processor
targets -set -nocase -filter {name =~ "ARM*#0" && jtag_cable_name =~ "Digilent Zed 210248471522"} -index 0
dow /home/longqi/zynq_Gpio/zynq_Gpio.sdk/gpio_led/Debug/gpio_led.elf
----------------End of Script----------------

15:27:46 INFO  : Memory regions updated for context APU
15:27:46 INFO  : Context for processor 'ps7_cortexa9_0' is selected.
15:27:46 INFO  : 'con' command is executed.
15:27:46 INFO  : ----------------XSDB Script (After Launch)----------------
targets -set -nocase -filter {name =~ "ARM*#0" && jtag_cable_name =~ "Digilent Zed 210248471522"} -index 0
con
----------------End of Script----------------

15:28:32 INFO  : Launching XSDB server: xsdb -n -s /opt/Xilinx/SDK/2015.2/scripts/xsdb/xsdb/xsdb-server.tcl
15:28:33 INFO  : XSDB server has started successfully.
15:28:34 INFO  : Processing command line option -hwspec /home/longqi/zynq_Gpio/zynq_Gpio.sdk/design_gpio_led_wrapper.hdf.
15:28:37 INFO  : Checking for hwspec changes in the project design_gpio_led_wrapper_hw_platform_0.
15:29:00 INFO  : Connected to target on host '127.0.0.1' and port '3121'.
15:29:00 INFO  : 'targets -set -filter {jtag_cable_name =~ "Digilent Zed 210248471522" && level==0} -index 1' command is executed.
15:29:00 INFO  : 'fpga -state' command is executed.
15:29:02 INFO  : Connected to target on host '127.0.0.1' and port '3121'.
15:29:02 INFO  : 'targets -set -filter {name =~"APU" && jtag_cable_name =~ "Digilent Zed 210248471522"} -index 0' command is executed.
15:29:06 INFO  : Mermory regions for PS have been updated.
15:29:06 INFO  : Sourcing of '/home/longqi/zynq_Gpio/zynq_Gpio.sdk/design_gpio_led_wrapper_hw_platform_0/ps7_init.tcl' is done.
15:29:06 INFO  : 'targets -set -filter {name =~"APU" && jtag_cable_name =~ "Digilent Zed 210248471522"} -index 0' command is executed.
15:29:11 INFO  : 'ps7_init' command is executed.
15:29:11 INFO  : 'ps7_post_config' command is executed.
15:29:11 INFO  : Context for processor 'ps7_cortexa9_0' is selected.
15:29:11 INFO  : Processor reset is completed for 'ps7_cortexa9_0'.
15:29:11 INFO  : Context for processor 'ps7_cortexa9_0' is selected.
15:29:12 INFO  : The application '/home/longqi/zynq_Gpio/zynq_Gpio.sdk/gpio_led/Debug/gpio_led.elf' is downloaded to processor 'ps7_cortexa9_0'.
15:29:12 INFO  : ----------------XSDB Script----------------
connect -url tcp:127.0.0.1:3121
targets -set -filter {name =~"APU" && jtag_cable_name =~ "Digilent Zed 210248471522"} -index 0
memmap -addr 1092616192 -size 65536 -flags 3
memmap -addr 4160782336 -size 4096 -flags 3
memmap -addr 4160786432 -size 4096 -flags 3
memmap -addr 4160790528 -size 4096 -flags 3
memmap -addr 4160794624 -size 4096 -flags 3
memmap -addr 4169138176 -size 1048576 -flags 3
memmap -addr 1048576 -size 535822336 -flags 3
memmap -addr 4160774144 -size 4096 -flags 3
memmap -addr 4160778240 -size 256 -flags 3
memmap -addr 4160765952 -size 4096 -flags 3
memmap -addr 4160761856 -size 4096 -flags 3
memmap -addr 3758141440 -size 4096 -flags 3
memmap -addr 4176478720 -size 256 -flags 3
memmap -addr 3758137344 -size 4096 -flags 3
memmap -addr 4170186752 -size 1048576 -flags 3
memmap -addr 4176482304 -size 4096 -flags 3
memmap -addr 3760193536 -size 4096 -flags 3
memmap -addr 4176486400 -size 4096 -flags 3
memmap -addr 4160798720 -size 4096 -flags 3
memmap -addr 4176486400 -size 4096 -flags 3
memmap -addr 4169732096 -size 4096 -flags 3
memmap -addr 3758149632 -size 4096 -flags 3
memmap -addr 4227858432 -size 16777216 -flags 3
memmap -addr 0 -size 196608 -flags 3
memmap -addr 4294901760 -size 65024 -flags 3
memmap -addr 4176478208 -size 253 -flags 3
memmap -addr 4176482304 -size 4096 -flags 3
memmap -addr 4176479744 -size 32 -flags 3
memmap -addr 4176479776 -size 224 -flags 3
memmap -addr 3759144960 -size 4096 -flags 3
memmap -addr 4160749568 -size 4096 -flags 3
memmap -addr 4160753664 -size 4096 -flags 3
memmap -addr 3758100480 -size 4096 -flags 3
memmap -addr 3758104576 -size 4096 -flags 3
memmap -addr 4160778496 -size 33 -flags 3
source /home/longqi/zynq_Gpio/zynq_Gpio.sdk/design_gpio_led_wrapper_hw_platform_0/ps7_init.tcl
targets -set -filter {name =~"APU" && jtag_cable_name =~ "Digilent Zed 210248471522"} -index 0
ps7_init
ps7_post_config
targets -set -nocase -filter {name =~ "ARM*#0" && jtag_cable_name =~ "Digilent Zed 210248471522"} -index 0
rst -processor
targets -set -nocase -filter {name =~ "ARM*#0" && jtag_cable_name =~ "Digilent Zed 210248471522"} -index 0
dow /home/longqi/zynq_Gpio/zynq_Gpio.sdk/gpio_led/Debug/gpio_led.elf
----------------End of Script----------------

15:29:12 INFO  : Memory regions updated for context APU
15:29:12 INFO  : Context for processor 'ps7_cortexa9_0' is selected.
15:29:12 INFO  : 'con' command is executed.
15:29:12 INFO  : ----------------XSDB Script (After Launch)----------------
targets -set -nocase -filter {name =~ "ARM*#0" && jtag_cable_name =~ "Digilent Zed 210248471522"} -index 0
con
----------------End of Script----------------

15:29:51 INFO  : Disconnected from the channel tcfchan#1.
15:36:59 INFO  : Connected to target on host '127.0.0.1' and port '3121'.
15:36:59 INFO  : 'targets -set -filter {jtag_cable_name =~ "Digilent Zed 210248471522" && level==0} -index 1' command is executed.
15:36:59 INFO  : 'fpga -state' command is executed.
15:37:02 INFO  : Connected to target on host '127.0.0.1' and port '3121'.
15:37:02 INFO  : 'targets -set -filter {name =~"APU" && jtag_cable_name =~ "Digilent Zed 210248471522"} -index 0' command is executed.
15:37:06 INFO  : Mermory regions for PS have been updated.
15:37:06 INFO  : Sourcing of '/home/longqi/zynq_Gpio/zynq_Gpio.sdk/design_gpio_led_wrapper_hw_platform_0/ps7_init.tcl' is done.
15:37:06 INFO  : 'targets -set -filter {name =~"APU" && jtag_cable_name =~ "Digilent Zed 210248471522"} -index 0' command is executed.
15:37:11 INFO  : 'ps7_init' command is executed.
15:37:11 INFO  : 'ps7_post_config' command is executed.
15:37:12 INFO  : Context for processor 'ps7_cortexa9_0' is selected.
15:37:12 INFO  : Processor reset is completed for 'ps7_cortexa9_0'.
15:37:12 INFO  : Context for processor 'ps7_cortexa9_0' is selected.
15:37:12 INFO  : The application '/home/longqi/zynq_Gpio/zynq_Gpio.sdk/gpio_led/Debug/gpio_led.elf' is downloaded to processor 'ps7_cortexa9_0'.
15:37:12 INFO  : ----------------XSDB Script----------------
connect -url tcp:127.0.0.1:3121
targets -set -filter {name =~"APU" && jtag_cable_name =~ "Digilent Zed 210248471522"} -index 0
memmap -addr 1092616192 -size 65536 -flags 3
memmap -addr 4160782336 -size 4096 -flags 3
memmap -addr 4160786432 -size 4096 -flags 3
memmap -addr 4160790528 -size 4096 -flags 3
memmap -addr 4160794624 -size 4096 -flags 3
memmap -addr 4169138176 -size 1048576 -flags 3
memmap -addr 1048576 -size 535822336 -flags 3
memmap -addr 4160774144 -size 4096 -flags 3
memmap -addr 4160778240 -size 256 -flags 3
memmap -addr 4160765952 -size 4096 -flags 3
memmap -addr 4160761856 -size 4096 -flags 3
memmap -addr 3758141440 -size 4096 -flags 3
memmap -addr 4176478720 -size 256 -flags 3
memmap -addr 3758137344 -size 4096 -flags 3
memmap -addr 4170186752 -size 1048576 -flags 3
memmap -addr 4176482304 -size 4096 -flags 3
memmap -addr 3760193536 -size 4096 -flags 3
memmap -addr 4176486400 -size 4096 -flags 3
memmap -addr 4160798720 -size 4096 -flags 3
memmap -addr 4176486400 -size 4096 -flags 3
memmap -addr 4169732096 -size 4096 -flags 3
memmap -addr 3758149632 -size 4096 -flags 3
memmap -addr 4227858432 -size 16777216 -flags 3
memmap -addr 0 -size 196608 -flags 3
memmap -addr 4294901760 -size 65024 -flags 3
memmap -addr 4176478208 -size 253 -flags 3
memmap -addr 4176482304 -size 4096 -flags 3
memmap -addr 4176479744 -size 32 -flags 3
memmap -addr 4176479776 -size 224 -flags 3
memmap -addr 3759144960 -size 4096 -flags 3
memmap -addr 4160749568 -size 4096 -flags 3
memmap -addr 4160753664 -size 4096 -flags 3
memmap -addr 3758100480 -size 4096 -flags 3
memmap -addr 3758104576 -size 4096 -flags 3
memmap -addr 4160778496 -size 33 -flags 3
source /home/longqi/zynq_Gpio/zynq_Gpio.sdk/design_gpio_led_wrapper_hw_platform_0/ps7_init.tcl
targets -set -filter {name =~"APU" && jtag_cable_name =~ "Digilent Zed 210248471522"} -index 0
ps7_init
ps7_post_config
targets -set -nocase -filter {name =~ "ARM*#0" && jtag_cable_name =~ "Digilent Zed 210248471522"} -index 0
rst -processor
targets -set -nocase -filter {name =~ "ARM*#0" && jtag_cable_name =~ "Digilent Zed 210248471522"} -index 0
dow /home/longqi/zynq_Gpio/zynq_Gpio.sdk/gpio_led/Debug/gpio_led.elf
----------------End of Script----------------

15:37:13 INFO  : Memory regions updated for context APU
15:37:13 INFO  : Context for processor 'ps7_cortexa9_0' is selected.
15:37:13 INFO  : 'con' command is executed.
15:37:13 INFO  : ----------------XSDB Script (After Launch)----------------
targets -set -nocase -filter {name =~ "ARM*#0" && jtag_cable_name =~ "Digilent Zed 210248471522"} -index 0
con
----------------End of Script----------------

15:38:26 INFO  : Disconnected from the channel tcfchan#2.
15:43:26 INFO  : Connected to target on host '127.0.0.1' and port '3121'.
15:43:26 INFO  : 'targets -set -filter {jtag_cable_name =~ "Digilent Zed 210248471522" && level==0} -index 1' command is executed.
15:43:41 INFO  : FPGA configured successfully with bitstream "/home/longqi/zynq_Gpio/zynq_Gpio.sdk/design_gpio_led_wrapper_hw_platform_0/design_gpio_led_wrapper.bit"
15:43:45 INFO  : Connected to target on host '127.0.0.1' and port '3121'.
15:43:45 INFO  : 'targets -set -filter {jtag_cable_name =~ "Digilent Zed 210248471522" && level==0} -index 1' command is executed.
15:43:45 INFO  : 'fpga -state' command is executed.
15:43:45 INFO  : Connected to target on host '127.0.0.1' and port '3121'.
15:43:46 INFO  : 'targets -set -filter {name =~"APU" && jtag_cable_name =~ "Digilent Zed 210248471522"} -index 0' command is executed.
15:43:49 INFO  : Mermory regions for PS have been updated.
15:43:49 INFO  : Sourcing of '/home/longqi/zynq_Gpio/zynq_Gpio.sdk/design_gpio_led_wrapper_hw_platform_0/ps7_init.tcl' is done.
15:43:50 INFO  : 'targets -set -filter {name =~"APU" && jtag_cable_name =~ "Digilent Zed 210248471522"} -index 0' command is executed.
15:44:01 INFO  : 'ps7_init' command is executed.
15:44:01 INFO  : 'ps7_post_config' command is executed.
15:44:01 INFO  : Context for processor 'ps7_cortexa9_0' is selected.
15:44:01 INFO  : Processor reset is completed for 'ps7_cortexa9_0'.
15:44:02 INFO  : Context for processor 'ps7_cortexa9_0' is selected.
15:44:02 INFO  : The application '/home/longqi/zynq_Gpio/zynq_Gpio.sdk/gpio_led/Debug/gpio_led.elf' is downloaded to processor 'ps7_cortexa9_0'.
15:44:02 INFO  : ----------------XSDB Script----------------
connect -url tcp:127.0.0.1:3121
targets -set -filter {name =~"APU" && jtag_cable_name =~ "Digilent Zed 210248471522"} -index 0
memmap -addr 1092616192 -size 65536 -flags 3
memmap -addr 4160782336 -size 4096 -flags 3
memmap -addr 4160786432 -size 4096 -flags 3
memmap -addr 4160790528 -size 4096 -flags 3
memmap -addr 4160794624 -size 4096 -flags 3
memmap -addr 4169138176 -size 1048576 -flags 3
memmap -addr 1048576 -size 535822336 -flags 3
memmap -addr 4160774144 -size 4096 -flags 3
memmap -addr 4160778240 -size 256 -flags 3
memmap -addr 4160765952 -size 4096 -flags 3
memmap -addr 4160761856 -size 4096 -flags 3
memmap -addr 3758141440 -size 4096 -flags 3
memmap -addr 4176478720 -size 256 -flags 3
memmap -addr 3758137344 -size 4096 -flags 3
memmap -addr 4170186752 -size 1048576 -flags 3
memmap -addr 4176482304 -size 4096 -flags 3
memmap -addr 3760193536 -size 4096 -flags 3
memmap -addr 4176486400 -size 4096 -flags 3
memmap -addr 4160798720 -size 4096 -flags 3
memmap -addr 4176486400 -size 4096 -flags 3
memmap -addr 4169732096 -size 4096 -flags 3
memmap -addr 3758149632 -size 4096 -flags 3
memmap -addr 4227858432 -size 16777216 -flags 3
memmap -addr 0 -size 196608 -flags 3
memmap -addr 4294901760 -size 65024 -flags 3
memmap -addr 4176478208 -size 253 -flags 3
memmap -addr 4176482304 -size 4096 -flags 3
memmap -addr 4176479744 -size 32 -flags 3
memmap -addr 4176479776 -size 224 -flags 3
memmap -addr 3759144960 -size 4096 -flags 3
memmap -addr 4160749568 -size 4096 -flags 3
memmap -addr 4160753664 -size 4096 -flags 3
memmap -addr 3758100480 -size 4096 -flags 3
memmap -addr 3758104576 -size 4096 -flags 3
memmap -addr 4160778496 -size 33 -flags 3
source /home/longqi/zynq_Gpio/zynq_Gpio.sdk/design_gpio_led_wrapper_hw_platform_0/ps7_init.tcl
targets -set -filter {name =~"APU" && jtag_cable_name =~ "Digilent Zed 210248471522"} -index 0
ps7_init
ps7_post_config
targets -set -nocase -filter {name =~ "ARM*#0" && jtag_cable_name =~ "Digilent Zed 210248471522"} -index 0
rst -processor
targets -set -nocase -filter {name =~ "ARM*#0" && jtag_cable_name =~ "Digilent Zed 210248471522"} -index 0
dow /home/longqi/zynq_Gpio/zynq_Gpio.sdk/gpio_led/Debug/gpio_led.elf
----------------End of Script----------------

15:44:02 INFO  : Memory regions updated for context APU
15:44:02 INFO  : Context for processor 'ps7_cortexa9_0' is selected.
15:44:03 INFO  : 'con' command is executed.
15:44:03 INFO  : ----------------XSDB Script (After Launch)----------------
targets -set -nocase -filter {name =~ "ARM*#0" && jtag_cable_name =~ "Digilent Zed 210248471522"} -index 0
con
----------------End of Script----------------

15:48:00 INFO  : Disconnected from the channel tcfchan#3.
15:48:02 ERROR : Unexpected error while parsing XMD response ￿: com.google.gson.JsonSyntaxException: com.google.gson.stream.MalformedJsonException: invalid number or unquoted string near 
16:21:42 INFO  : Launching XSDB server: xsdb -n -s /opt/Xilinx/SDK/2015.2/scripts/xsdb/xsdb/xsdb-server.tcl
16:21:43 INFO  : XSDB server has started successfully.
16:21:43 INFO  : Processing command line option -hwspec /home/longqi/zynq_Gpio/zynq_Gpio.sdk/design_gpio_led_wrapper.hdf.
16:21:45 INFO  : Checking for hwspec changes in the project design_gpio_led_wrapper_hw_platform_0.
16:26:51 INFO  : Processor reset is completed for ps7_cortexa9_0
16:26:53 ERROR : Unexpected error while opening JTAG UART: 
java.lang.RuntimeException: Error while opening JTAG UART server: MDM Uart NOT Present in the System
Could not detect MDM peripheral on hardware. Please check:
    1. If FPGA is configured correctly
    2. MDM Core is instantiated in the design
    3. If the correct FPGA is referred, in case of multiple FPGAs
    4. If the correct MDM is referred, in case of a multiple MDM system
    

	at com.xilinx.sdk.targetmanager.internal.TM.startJTAGUARTServer(TM.java:935)
	at com.xilinx.sdk.debug.core.internal.comm.JTAGUARTStreamsProxy.<init>(JTAGUARTStreamsProxy.java:32)
	at com.xilinx.sdk.debug.core.internal.RemoteProcess.createStreamsProxy(RemoteProcess.java:164)
	at com.xilinx.sdk.debug.core.internal.RemoteProcess.<init>(RemoteProcess.java:65)
	at com.xilinx.sdk.debug.core.XilinxAppLaunchConfigurationDelegate.debugApplication(XilinxAppLaunchConfigurationDelegate.java:750)
	at com.xilinx.sdk.debug.core.XilinxAppLaunchConfigurationDelegate.launch(XilinxAppLaunchConfigurationDelegate.java:298)
	at com.xilinx.sdk.debug.ui.XilinxAppLaunchDelegateWrapper.launch(XilinxAppLaunchDelegateWrapper.java:31)
	at org.eclipse.debug.internal.core.LaunchConfiguration.launch(LaunchConfiguration.java:858)
	at org.eclipse.debug.internal.core.LaunchConfiguration.launch(LaunchConfiguration.java:707)
	at org.eclipse.debug.internal.ui.DebugUIPlugin.buildAndLaunch(DebugUIPlugin.java:1018)
	at org.eclipse.debug.internal.ui.DebugUIPlugin$8.run(DebugUIPlugin.java:1222)
	at org.eclipse.core.internal.jobs.Worker.run(Worker.java:53)
16:27:13 INFO  : FPGA Cable Disconnected. All active launches will be terminated.
16:27:13 WARN  : Terminating existing sessions on processor ps7_cortexa9_0
16:27:36 INFO  : Connected to target on host '127.0.0.1' and port '3121'.
16:27:36 INFO  : 'targets -set -filter {jtag_cable_name =~ "Digilent Zed 210248471522" && level==0} -index 1' command is executed.
16:27:36 INFO  : 'fpga -state' command is executed.
16:27:38 INFO  : Connected to target on host '127.0.0.1' and port '3121'.
16:27:38 INFO  : 'targets -set -filter {name =~"APU" && jtag_cable_name =~ "Digilent Zed 210248471522"} -index 0' command is executed.
16:27:42 INFO  : Mermory regions for PS have been updated.
16:27:42 INFO  : Sourcing of '/home/longqi/zynq_Gpio/zynq_Gpio.sdk/design_gpio_led_wrapper_hw_platform_0/ps7_init.tcl' is done.
16:27:42 INFO  : 'targets -set -filter {name =~"APU" && jtag_cable_name =~ "Digilent Zed 210248471522"} -index 0' command is executed.
16:27:53 INFO  : 'ps7_init' command is executed.
16:27:53 INFO  : 'ps7_post_config' command is executed.
16:27:53 INFO  : Context for processor 'ps7_cortexa9_0' is selected.
16:27:54 INFO  : Processor reset is completed for 'ps7_cortexa9_0'.
16:27:54 INFO  : Context for processor 'ps7_cortexa9_0' is selected.
16:27:54 INFO  : The application '/home/longqi/zynq_Gpio/zynq_Gpio.sdk/gpio_led/Debug/gpio_led.elf' is downloaded to processor 'ps7_cortexa9_0'.
16:27:54 INFO  : ----------------XSDB Script----------------
connect -url tcp:127.0.0.1:3121
targets -set -filter {name =~"APU" && jtag_cable_name =~ "Digilent Zed 210248471522"} -index 0
memmap -addr 1092616192 -size 65536 -flags 3
memmap -addr 4160782336 -size 4096 -flags 3
memmap -addr 4160786432 -size 4096 -flags 3
memmap -addr 4160790528 -size 4096 -flags 3
memmap -addr 4160794624 -size 4096 -flags 3
memmap -addr 4169138176 -size 1048576 -flags 3
memmap -addr 1048576 -size 535822336 -flags 3
memmap -addr 4160774144 -size 4096 -flags 3
memmap -addr 4160778240 -size 256 -flags 3
memmap -addr 4160765952 -size 4096 -flags 3
memmap -addr 4160761856 -size 4096 -flags 3
memmap -addr 3758141440 -size 4096 -flags 3
memmap -addr 4176478720 -size 256 -flags 3
memmap -addr 3758137344 -size 4096 -flags 3
memmap -addr 4170186752 -size 1048576 -flags 3
memmap -addr 4176482304 -size 4096 -flags 3
memmap -addr 3760193536 -size 4096 -flags 3
memmap -addr 4176486400 -size 4096 -flags 3
memmap -addr 4160798720 -size 4096 -flags 3
memmap -addr 4176486400 -size 4096 -flags 3
memmap -addr 4169732096 -size 4096 -flags 3
memmap -addr 3758149632 -size 4096 -flags 3
memmap -addr 4227858432 -size 16777216 -flags 3
memmap -addr 0 -size 196608 -flags 3
memmap -addr 4294901760 -size 65024 -flags 3
memmap -addr 4176478208 -size 253 -flags 3
memmap -addr 4176482304 -size 4096 -flags 3
memmap -addr 4176479744 -size 32 -flags 3
memmap -addr 4176479776 -size 224 -flags 3
memmap -addr 3759144960 -size 4096 -flags 3
memmap -addr 4160749568 -size 4096 -flags 3
memmap -addr 4160753664 -size 4096 -flags 3
memmap -addr 3758100480 -size 4096 -flags 3
memmap -addr 3758104576 -size 4096 -flags 3
memmap -addr 4160778496 -size 33 -flags 3
source /home/longqi/zynq_Gpio/zynq_Gpio.sdk/design_gpio_led_wrapper_hw_platform_0/ps7_init.tcl
targets -set -filter {name =~"APU" && jtag_cable_name =~ "Digilent Zed 210248471522"} -index 0
ps7_init
ps7_post_config
targets -set -nocase -filter {name =~ "ARM*#0" && jtag_cable_name =~ "Digilent Zed 210248471522"} -index 0
rst -processor
targets -set -nocase -filter {name =~ "ARM*#0" && jtag_cable_name =~ "Digilent Zed 210248471522"} -index 0
dow /home/longqi/zynq_Gpio/zynq_Gpio.sdk/gpio_led/Debug/gpio_led.elf
----------------End of Script----------------

16:27:54 INFO  : Memory regions updated for context APU
16:27:55 INFO  : Context for processor 'ps7_cortexa9_0' is selected.
16:27:55 INFO  : 'con' command is executed.
16:27:55 INFO  : ----------------XSDB Script (After Launch)----------------
targets -set -nocase -filter {name =~ "ARM*#0" && jtag_cable_name =~ "Digilent Zed 210248471522"} -index 0
con
----------------End of Script----------------

16:30:44 INFO  : Disconnected from the channel tcfchan#1.
16:30:44 INFO  : Connected to target on host '127.0.0.1' and port '3121'.
16:30:44 INFO  : 'targets -set -filter {jtag_cable_name =~ "Digilent Zed 210248471522" && level==0} -index 1' command is executed.
16:30:45 INFO  : 'fpga -state' command is executed.
16:30:46 INFO  : Connected to target on host '127.0.0.1' and port '3121'.
16:30:47 INFO  : 'targets -set -filter {name =~"APU" && jtag_cable_name =~ "Digilent Zed 210248471522"} -index 0' command is executed.
16:30:50 INFO  : Mermory regions for PS have been updated.
16:30:50 INFO  : Sourcing of '/home/longqi/zynq_Gpio/zynq_Gpio.sdk/design_gpio_led_wrapper_hw_platform_0/ps7_init.tcl' is done.
16:30:51 INFO  : 'targets -set -filter {name =~"APU" && jtag_cable_name =~ "Digilent Zed 210248471522"} -index 0' command is executed.
16:30:54 INFO  : 'ps7_init' command is executed.
16:30:54 INFO  : 'ps7_post_config' command is executed.
16:30:54 INFO  : Context for processor 'ps7_cortexa9_0' is selected.
16:30:55 INFO  : Processor reset is completed for 'ps7_cortexa9_0'.
16:30:55 INFO  : Context for processor 'ps7_cortexa9_0' is selected.
16:30:55 INFO  : The application '/home/longqi/zynq_Gpio/zynq_Gpio.sdk/gpio_led/Debug/gpio_led.elf' is downloaded to processor 'ps7_cortexa9_0'.
16:30:55 INFO  : ----------------XSDB Script----------------
connect -url tcp:127.0.0.1:3121
targets -set -filter {name =~"APU" && jtag_cable_name =~ "Digilent Zed 210248471522"} -index 0
memmap -addr 1092616192 -size 65536 -flags 3
memmap -addr 4160782336 -size 4096 -flags 3
memmap -addr 4160786432 -size 4096 -flags 3
memmap -addr 4160790528 -size 4096 -flags 3
memmap -addr 4160794624 -size 4096 -flags 3
memmap -addr 4169138176 -size 1048576 -flags 3
memmap -addr 1048576 -size 535822336 -flags 3
memmap -addr 4160774144 -size 4096 -flags 3
memmap -addr 4160778240 -size 256 -flags 3
memmap -addr 4160765952 -size 4096 -flags 3
memmap -addr 4160761856 -size 4096 -flags 3
memmap -addr 3758141440 -size 4096 -flags 3
memmap -addr 4176478720 -size 256 -flags 3
memmap -addr 3758137344 -size 4096 -flags 3
memmap -addr 4170186752 -size 1048576 -flags 3
memmap -addr 4176482304 -size 4096 -flags 3
memmap -addr 3760193536 -size 4096 -flags 3
memmap -addr 4176486400 -size 4096 -flags 3
memmap -addr 4160798720 -size 4096 -flags 3
memmap -addr 4176486400 -size 4096 -flags 3
memmap -addr 4169732096 -size 4096 -flags 3
memmap -addr 3758149632 -size 4096 -flags 3
memmap -addr 4227858432 -size 16777216 -flags 3
memmap -addr 0 -size 196608 -flags 3
memmap -addr 4294901760 -size 65024 -flags 3
memmap -addr 4176478208 -size 253 -flags 3
memmap -addr 4176482304 -size 4096 -flags 3
memmap -addr 4176479744 -size 32 -flags 3
memmap -addr 4176479776 -size 224 -flags 3
memmap -addr 3759144960 -size 4096 -flags 3
memmap -addr 4160749568 -size 4096 -flags 3
memmap -addr 4160753664 -size 4096 -flags 3
memmap -addr 3758100480 -size 4096 -flags 3
memmap -addr 3758104576 -size 4096 -flags 3
memmap -addr 4160778496 -size 33 -flags 3
source /home/longqi/zynq_Gpio/zynq_Gpio.sdk/design_gpio_led_wrapper_hw_platform_0/ps7_init.tcl
targets -set -filter {name =~"APU" && jtag_cable_name =~ "Digilent Zed 210248471522"} -index 0
ps7_init
ps7_post_config
targets -set -nocase -filter {name =~ "ARM*#0" && jtag_cable_name =~ "Digilent Zed 210248471522"} -index 0
rst -processor
targets -set -nocase -filter {name =~ "ARM*#0" && jtag_cable_name =~ "Digilent Zed 210248471522"} -index 0
dow /home/longqi/zynq_Gpio/zynq_Gpio.sdk/gpio_led/Debug/gpio_led.elf
----------------End of Script----------------

16:30:55 INFO  : Memory regions updated for context APU
16:30:56 INFO  : Context for processor 'ps7_cortexa9_0' is selected.
16:30:56 INFO  : 'con' command is executed.
16:30:56 INFO  : ----------------XSDB Script (After Launch)----------------
targets -set -nocase -filter {name =~ "ARM*#0" && jtag_cable_name =~ "Digilent Zed 210248471522"} -index 0
con
----------------End of Script----------------

16:31:56 INFO  : Connected to target on host '127.0.0.1' and port '3121'.
16:31:57 INFO  : 'targets -set -filter {jtag_cable_name =~ "Digilent Zed 210248471522" && level==0} -index 1' command is executed.
16:32:01 INFO  : FPGA configured successfully with bitstream "/home/longqi/zynq_Gpio/zynq_Gpio.sdk/design_gpio_led_wrapper_hw_platform_0/design_gpio_led_wrapper.bit"
16:32:09 INFO  : Disconnected from the channel tcfchan#2.
16:32:09 INFO  : Connected to target on host '127.0.0.1' and port '3121'.
16:32:09 INFO  : 'targets -set -filter {jtag_cable_name =~ "Digilent Zed 210248471522" && level==0} -index 1' command is executed.
16:32:10 INFO  : 'fpga -state' command is executed.
16:32:10 INFO  : Connected to target on host '127.0.0.1' and port '3121'.
16:32:10 INFO  : 'targets -set -filter {name =~"APU" && jtag_cable_name =~ "Digilent Zed 210248471522"} -index 0' command is executed.
16:32:13 INFO  : Mermory regions for PS have been updated.
16:32:13 INFO  : Sourcing of '/home/longqi/zynq_Gpio/zynq_Gpio.sdk/design_gpio_led_wrapper_hw_platform_0/ps7_init.tcl' is done.
16:32:14 INFO  : 'targets -set -filter {name =~"APU" && jtag_cable_name =~ "Digilent Zed 210248471522"} -index 0' command is executed.
16:32:19 INFO  : 'ps7_init' command is executed.
16:32:20 INFO  : 'ps7_post_config' command is executed.
16:32:20 INFO  : Context for processor 'ps7_cortexa9_0' is selected.
16:32:20 INFO  : Processor reset is completed for 'ps7_cortexa9_0'.
16:32:20 INFO  : Context for processor 'ps7_cortexa9_0' is selected.
16:32:21 INFO  : The application '/home/longqi/zynq_Gpio/zynq_Gpio.sdk/gpio_led/Debug/gpio_led.elf' is downloaded to processor 'ps7_cortexa9_0'.
16:32:21 INFO  : ----------------XSDB Script----------------
connect -url tcp:127.0.0.1:3121
targets -set -filter {name =~"APU" && jtag_cable_name =~ "Digilent Zed 210248471522"} -index 0
memmap -addr 1092616192 -size 65536 -flags 3
memmap -addr 4160782336 -size 4096 -flags 3
memmap -addr 4160786432 -size 4096 -flags 3
memmap -addr 4160790528 -size 4096 -flags 3
memmap -addr 4160794624 -size 4096 -flags 3
memmap -addr 4169138176 -size 1048576 -flags 3
memmap -addr 1048576 -size 535822336 -flags 3
memmap -addr 4160774144 -size 4096 -flags 3
memmap -addr 4160778240 -size 256 -flags 3
memmap -addr 4160765952 -size 4096 -flags 3
memmap -addr 4160761856 -size 4096 -flags 3
memmap -addr 3758141440 -size 4096 -flags 3
memmap -addr 4176478720 -size 256 -flags 3
memmap -addr 3758137344 -size 4096 -flags 3
memmap -addr 4170186752 -size 1048576 -flags 3
memmap -addr 4176482304 -size 4096 -flags 3
memmap -addr 3760193536 -size 4096 -flags 3
memmap -addr 4176486400 -size 4096 -flags 3
memmap -addr 4160798720 -size 4096 -flags 3
memmap -addr 4176486400 -size 4096 -flags 3
memmap -addr 4169732096 -size 4096 -flags 3
memmap -addr 3758149632 -size 4096 -flags 3
memmap -addr 4227858432 -size 16777216 -flags 3
memmap -addr 0 -size 196608 -flags 3
memmap -addr 4294901760 -size 65024 -flags 3
memmap -addr 4176478208 -size 253 -flags 3
memmap -addr 4176482304 -size 4096 -flags 3
memmap -addr 4176479744 -size 32 -flags 3
memmap -addr 4176479776 -size 224 -flags 3
memmap -addr 3759144960 -size 4096 -flags 3
memmap -addr 4160749568 -size 4096 -flags 3
memmap -addr 4160753664 -size 4096 -flags 3
memmap -addr 3758100480 -size 4096 -flags 3
memmap -addr 3758104576 -size 4096 -flags 3
memmap -addr 4160778496 -size 33 -flags 3
source /home/longqi/zynq_Gpio/zynq_Gpio.sdk/design_gpio_led_wrapper_hw_platform_0/ps7_init.tcl
targets -set -filter {name =~"APU" && jtag_cable_name =~ "Digilent Zed 210248471522"} -index 0
ps7_init
ps7_post_config
targets -set -nocase -filter {name =~ "ARM*#0" && jtag_cable_name =~ "Digilent Zed 210248471522"} -index 0
rst -processor
targets -set -nocase -filter {name =~ "ARM*#0" && jtag_cable_name =~ "Digilent Zed 210248471522"} -index 0
dow /home/longqi/zynq_Gpio/zynq_Gpio.sdk/gpio_led/Debug/gpio_led.elf
----------------End of Script----------------

16:32:21 INFO  : Memory regions updated for context APU
16:32:21 INFO  : Context for processor 'ps7_cortexa9_0' is selected.
16:32:21 INFO  : 'con' command is executed.
16:32:21 INFO  : ----------------XSDB Script (After Launch)----------------
targets -set -nocase -filter {name =~ "ARM*#0" && jtag_cable_name =~ "Digilent Zed 210248471522"} -index 0
con
----------------End of Script----------------

16:32:57 INFO  : Launching XSDB server: xsdb -n -s /opt/Xilinx/SDK/2015.2/scripts/xsdb/xsdb/xsdb-server.tcl
16:32:58 INFO  : XSDB server has started successfully.
16:32:59 INFO  : Processing command line option -hwspec /home/longqi/zynq_Gpio/zynq_Gpio.sdk/design_gpio_led_wrapper.hdf.
16:33:01 INFO  : Checking for hwspec changes in the project design_gpio_led_wrapper_hw_platform_0.
16:33:33 INFO  : Connected to target on host '127.0.0.1' and port '3121'.
16:33:33 INFO  : 'targets -set -filter {jtag_cable_name =~ "Digilent Zed 210248471522" && level==0} -index 1' command is executed.
16:33:33 INFO  : 'fpga -state' command is executed.
16:33:33 INFO  : Connected to target on host '127.0.0.1' and port '3121'.
16:33:33 INFO  : 'targets -set -filter {name =~"APU" && jtag_cable_name =~ "Digilent Zed 210248471522"} -index 0' command is executed.
16:33:37 INFO  : Mermory regions for PS have been updated.
16:33:37 INFO  : Sourcing of '/home/longqi/zynq_Gpio/zynq_Gpio.sdk/design_gpio_led_wrapper_hw_platform_0/ps7_init.tcl' is done.
16:33:37 INFO  : 'targets -set -filter {name =~"APU" && jtag_cable_name =~ "Digilent Zed 210248471522"} -index 0' command is executed.
16:33:41 INFO  : 'ps7_init' command is executed.
16:33:42 INFO  : 'ps7_post_config' command is executed.
16:33:42 INFO  : Context for processor 'ps7_cortexa9_0' is selected.
16:33:42 INFO  : Processor reset is completed for 'ps7_cortexa9_0'.
16:33:42 INFO  : Context for processor 'ps7_cortexa9_0' is selected.
16:33:43 INFO  : The application '/home/longqi/zynq_Gpio/zynq_Gpio.sdk/gpio_led/Debug/gpio_led.elf' is downloaded to processor 'ps7_cortexa9_0'.
16:33:43 INFO  : ----------------XSDB Script----------------
connect -url tcp:127.0.0.1:3121
targets -set -filter {name =~"APU" && jtag_cable_name =~ "Digilent Zed 210248471522"} -index 0
memmap -addr 1092616192 -size 65536 -flags 3
memmap -addr 4160782336 -size 4096 -flags 3
memmap -addr 4160786432 -size 4096 -flags 3
memmap -addr 4160790528 -size 4096 -flags 3
memmap -addr 4160794624 -size 4096 -flags 3
memmap -addr 4169138176 -size 1048576 -flags 3
memmap -addr 1048576 -size 535822336 -flags 3
memmap -addr 4160774144 -size 4096 -flags 3
memmap -addr 4160778240 -size 256 -flags 3
memmap -addr 4160765952 -size 4096 -flags 3
memmap -addr 4160761856 -size 4096 -flags 3
memmap -addr 3758141440 -size 4096 -flags 3
memmap -addr 4176478720 -size 256 -flags 3
memmap -addr 3758137344 -size 4096 -flags 3
memmap -addr 4170186752 -size 1048576 -flags 3
memmap -addr 4176482304 -size 4096 -flags 3
memmap -addr 3760193536 -size 4096 -flags 3
memmap -addr 4176486400 -size 4096 -flags 3
memmap -addr 4160798720 -size 4096 -flags 3
memmap -addr 4176486400 -size 4096 -flags 3
memmap -addr 4169732096 -size 4096 -flags 3
memmap -addr 3758149632 -size 4096 -flags 3
memmap -addr 4227858432 -size 16777216 -flags 3
memmap -addr 0 -size 196608 -flags 3
memmap -addr 4294901760 -size 65024 -flags 3
memmap -addr 4176478208 -size 253 -flags 3
memmap -addr 4176482304 -size 4096 -flags 3
memmap -addr 4176479744 -size 32 -flags 3
memmap -addr 4176479776 -size 224 -flags 3
memmap -addr 3759144960 -size 4096 -flags 3
memmap -addr 4160749568 -size 4096 -flags 3
memmap -addr 4160753664 -size 4096 -flags 3
memmap -addr 3758100480 -size 4096 -flags 3
memmap -addr 3758104576 -size 4096 -flags 3
memmap -addr 4160778496 -size 33 -flags 3
source /home/longqi/zynq_Gpio/zynq_Gpio.sdk/design_gpio_led_wrapper_hw_platform_0/ps7_init.tcl
targets -set -filter {name =~"APU" && jtag_cable_name =~ "Digilent Zed 210248471522"} -index 0
ps7_init
ps7_post_config
targets -set -nocase -filter {name =~ "ARM*#0" && jtag_cable_name =~ "Digilent Zed 210248471522"} -index 0
rst -processor
targets -set -nocase -filter {name =~ "ARM*#0" && jtag_cable_name =~ "Digilent Zed 210248471522"} -index 0
dow /home/longqi/zynq_Gpio/zynq_Gpio.sdk/gpio_led/Debug/gpio_led.elf
----------------End of Script----------------

16:33:43 INFO  : Memory regions updated for context APU
16:33:43 INFO  : Context for processor 'ps7_cortexa9_0' is selected.
16:33:43 INFO  : 'con' command is executed.
16:33:43 INFO  : ----------------XSDB Script (After Launch)----------------
targets -set -nocase -filter {name =~ "ARM*#0" && jtag_cable_name =~ "Digilent Zed 210248471522"} -index 0
con
----------------End of Script----------------

16:37:02 INFO  : Disconnected from the channel tcfchan#1.
16:37:03 INFO  : Connected to target on host '127.0.0.1' and port '3121'.
16:37:03 INFO  : 'targets -set -filter {jtag_cable_name =~ "Digilent Zed 210248471522" && level==0} -index 1' command is executed.
16:37:03 INFO  : 'fpga -state' command is executed.
16:37:03 INFO  : Connected to target on host '127.0.0.1' and port '3121'.
16:37:03 INFO  : 'targets -set -filter {name =~"APU" && jtag_cable_name =~ "Digilent Zed 210248471522"} -index 0' command is executed.
16:37:07 INFO  : Mermory regions for PS have been updated.
16:37:07 INFO  : Sourcing of '/home/longqi/zynq_Gpio/zynq_Gpio.sdk/design_gpio_led_wrapper_hw_platform_0/ps7_init.tcl' is done.
16:37:07 INFO  : 'targets -set -filter {name =~"APU" && jtag_cable_name =~ "Digilent Zed 210248471522"} -index 0' command is executed.
16:37:13 INFO  : 'ps7_init' command is executed.
16:37:13 INFO  : 'ps7_post_config' command is executed.
16:37:13 INFO  : Context for processor 'ps7_cortexa9_0' is selected.
16:37:13 INFO  : Processor reset is completed for 'ps7_cortexa9_0'.
16:37:13 INFO  : Context for processor 'ps7_cortexa9_0' is selected.
16:37:14 INFO  : The application '/home/longqi/zynq_Gpio/zynq_Gpio.sdk/gpio_led/Debug/gpio_led.elf' is downloaded to processor 'ps7_cortexa9_0'.
16:37:14 INFO  : ----------------XSDB Script----------------
connect -url tcp:127.0.0.1:3121
targets -set -filter {name =~"APU" && jtag_cable_name =~ "Digilent Zed 210248471522"} -index 0
memmap -addr 1092616192 -size 65536 -flags 3
memmap -addr 4160782336 -size 4096 -flags 3
memmap -addr 4160786432 -size 4096 -flags 3
memmap -addr 4160790528 -size 4096 -flags 3
memmap -addr 4160794624 -size 4096 -flags 3
memmap -addr 4169138176 -size 1048576 -flags 3
memmap -addr 1048576 -size 535822336 -flags 3
memmap -addr 4160774144 -size 4096 -flags 3
memmap -addr 4160778240 -size 256 -flags 3
memmap -addr 4160765952 -size 4096 -flags 3
memmap -addr 4160761856 -size 4096 -flags 3
memmap -addr 3758141440 -size 4096 -flags 3
memmap -addr 4176478720 -size 256 -flags 3
memmap -addr 3758137344 -size 4096 -flags 3
memmap -addr 4170186752 -size 1048576 -flags 3
memmap -addr 4176482304 -size 4096 -flags 3
memmap -addr 3760193536 -size 4096 -flags 3
memmap -addr 4176486400 -size 4096 -flags 3
memmap -addr 4160798720 -size 4096 -flags 3
memmap -addr 4176486400 -size 4096 -flags 3
memmap -addr 4169732096 -size 4096 -flags 3
memmap -addr 3758149632 -size 4096 -flags 3
memmap -addr 4227858432 -size 16777216 -flags 3
memmap -addr 0 -size 196608 -flags 3
memmap -addr 4294901760 -size 65024 -flags 3
memmap -addr 4176478208 -size 253 -flags 3
memmap -addr 4176482304 -size 4096 -flags 3
memmap -addr 4176479744 -size 32 -flags 3
memmap -addr 4176479776 -size 224 -flags 3
memmap -addr 3759144960 -size 4096 -flags 3
memmap -addr 4160749568 -size 4096 -flags 3
memmap -addr 4160753664 -size 4096 -flags 3
memmap -addr 3758100480 -size 4096 -flags 3
memmap -addr 3758104576 -size 4096 -flags 3
memmap -addr 4160778496 -size 33 -flags 3
source /home/longqi/zynq_Gpio/zynq_Gpio.sdk/design_gpio_led_wrapper_hw_platform_0/ps7_init.tcl
targets -set -filter {name =~"APU" && jtag_cable_name =~ "Digilent Zed 210248471522"} -index 0
ps7_init
ps7_post_config
targets -set -nocase -filter {name =~ "ARM*#0" && jtag_cable_name =~ "Digilent Zed 210248471522"} -index 0
rst -processor
targets -set -nocase -filter {name =~ "ARM*#0" && jtag_cable_name =~ "Digilent Zed 210248471522"} -index 0
dow /home/longqi/zynq_Gpio/zynq_Gpio.sdk/gpio_led/Debug/gpio_led.elf
----------------End of Script----------------

16:37:14 INFO  : Memory regions updated for context APU
16:37:14 INFO  : Context for processor 'ps7_cortexa9_0' is selected.
16:37:14 INFO  : 'con' command is executed.
16:37:14 INFO  : ----------------XSDB Script (After Launch)----------------
targets -set -nocase -filter {name =~ "ARM*#0" && jtag_cable_name =~ "Digilent Zed 210248471522"} -index 0
con
----------------End of Script----------------

16:48:23 INFO  : Disconnected from the channel tcfchan#2.
16:48:24 ERROR : Unexpected error while parsing XMD response ￿: com.google.gson.JsonSyntaxException: com.google.gson.stream.MalformedJsonException: invalid number or unquoted string near 
16:38:47 INFO  : Launching XSDB server: xsdb.bat -s D:/App/Xilinx/SDK/2015.2/scripts/xsdb/xsdb/xsdb-server.tcl
16:38:47 INFO  : Processing command line option -hwspec D:/Desktop/LED_Blinking_on_ZedBoard/zynq_Gpio.sdk/design_gpio_led_wrapper.hdf.
16:38:52 INFO  : XSDB server has started successfully.
16:42:40 INFO  : No changes in MSS file content so not generating sources.
16:43:22 INFO  : Connected to target on host '127.0.0.1' and port '3121'.
16:43:23 INFO  : 'targets -set -filter {jtag_cable_name =~ "Digilent Zed 210248471522" && level==0} -index 1' command is executed.
16:43:23 INFO  : 'fpga -state' command is executed.
16:43:23 INFO  : Connected to target on host '127.0.0.1' and port '3121'.
16:43:23 INFO  : 'targets -set -filter {name =~"APU" && jtag_cable_name =~ "Digilent Zed 210248471522"} -index 0' command is executed.
16:43:27 INFO  : Mermory regions for PS have been updated.
16:43:27 INFO  : Sourcing of 'D:/Desktop/LED_Blinking_on_ZedBoard/zynq_Gpio.sdk/design_gpio_led_wrapper_hw_platform_0/ps7_init.tcl' is done.
16:43:27 INFO  : 'targets -set -filter {name =~"APU" && jtag_cable_name =~ "Digilent Zed 210248471522"} -index 0' command is executed.
16:43:27 INFO  : 'ps7_init' command is executed.
16:43:27 INFO  : 'ps7_post_config' command is executed.
16:43:28 INFO  : Context for processor 'ps7_cortexa9_0' is selected.
16:43:28 INFO  : Processor reset is completed for 'ps7_cortexa9_0'.
16:43:28 INFO  : Context for processor 'ps7_cortexa9_0' is selected.
16:43:28 INFO  : The application 'D:/Desktop/LED_Blinking_on_ZedBoard/zynq_Gpio.sdk/gpio_led/Debug/gpio_led.elf' is downloaded to processor 'ps7_cortexa9_0'.
16:43:28 INFO  : ----------------XSDB Script----------------
connect -url tcp:127.0.0.1:3121
targets -set -filter {name =~"APU" && jtag_cable_name =~ "Digilent Zed 210248471522"} -index 0
memmap -addr 1092616192 -size 65536 -flags 3
memmap -addr 4160782336 -size 4096 -flags 3
memmap -addr 4160786432 -size 4096 -flags 3
memmap -addr 4160790528 -size 4096 -flags 3
memmap -addr 4160794624 -size 4096 -flags 3
memmap -addr 4169138176 -size 1048576 -flags 3
memmap -addr 1048576 -size 535822336 -flags 3
memmap -addr 4160774144 -size 4096 -flags 3
memmap -addr 4160778240 -size 256 -flags 3
memmap -addr 4160765952 -size 4096 -flags 3
memmap -addr 4160761856 -size 4096 -flags 3
memmap -addr 3758141440 -size 4096 -flags 3
memmap -addr 4176478720 -size 256 -flags 3
memmap -addr 3758137344 -size 4096 -flags 3
memmap -addr 4170186752 -size 1048576 -flags 3
memmap -addr 4176482304 -size 4096 -flags 3
memmap -addr 3760193536 -size 4096 -flags 3
memmap -addr 4176486400 -size 4096 -flags 3
memmap -addr 4160798720 -size 4096 -flags 3
memmap -addr 4176486400 -size 4096 -flags 3
memmap -addr 4169732096 -size 4096 -flags 3
memmap -addr 3758149632 -size 4096 -flags 3
memmap -addr 4227858432 -size 16777216 -flags 3
memmap -addr 0 -size 196608 -flags 3
memmap -addr 4294901760 -size 65024 -flags 3
memmap -addr 4176478208 -size 253 -flags 3
memmap -addr 4176482304 -size 4096 -flags 3
memmap -addr 4176479744 -size 32 -flags 3
memmap -addr 4176479776 -size 224 -flags 3
memmap -addr 3759144960 -size 4096 -flags 3
memmap -addr 4160749568 -size 4096 -flags 3
memmap -addr 4160753664 -size 4096 -flags 3
memmap -addr 3758100480 -size 4096 -flags 3
memmap -addr 3758104576 -size 4096 -flags 3
memmap -addr 4160778496 -size 33 -flags 3
source D:/Desktop/LED_Blinking_on_ZedBoard/zynq_Gpio.sdk/design_gpio_led_wrapper_hw_platform_0/ps7_init.tcl
targets -set -filter {name =~"APU" && jtag_cable_name =~ "Digilent Zed 210248471522"} -index 0
ps7_init
ps7_post_config
targets -set -nocase -filter {name =~ "ARM*#0" && jtag_cable_name =~ "Digilent Zed 210248471522"} -index 0
rst -processor
targets -set -nocase -filter {name =~ "ARM*#0" && jtag_cable_name =~ "Digilent Zed 210248471522"} -index 0
dow D:/Desktop/LED_Blinking_on_ZedBoard/zynq_Gpio.sdk/gpio_led/Debug/gpio_led.elf
----------------End of Script----------------

16:43:29 INFO  : Memory regions updated for context APU
16:43:29 INFO  : Context for processor 'ps7_cortexa9_0' is selected.
16:43:29 INFO  : 'con' command is executed.
16:43:29 INFO  : ----------------XSDB Script (After Launch)----------------
targets -set -nocase -filter {name =~ "ARM*#0" && jtag_cable_name =~ "Digilent Zed 210248471522"} -index 0
con
----------------End of Script----------------

17:04:20 INFO  : Disconnected from the channel tcfchan#1.
17:04:22 ERROR : Unexpected error while parsing XMD response ?: com.google.gson.JsonSyntaxException: com.google.gson.stream.MalformedJsonException: invalid number or unquoted string near 
