Copyright 1986-2015 Xilinx, Inc. All Rights Reserved.
----------------------------------------------------------------------------------------------------
| Tool Version : Vivado v.2015.2.1 (win64) Build 1302555 Wed Aug  5 13:06:02 MDT 2015
| Date         : Sun Oct 11 22:42:55 2015
| Host         : LQ running 64-bit major release  (build 9200)
| Command      : report_control_sets -verbose -file design_gpio_led_wrapper_control_sets_placed.rpt
| Design       : design_gpio_led_wrapper
| Device       : xc7z020
----------------------------------------------------------------------------------------------------

Control Set Information

Table of Contents
-----------------
1. Summary
2. Flip-Flop Distribution
3. Detailed Control Set Information

1. Summary
----------

+-------------------------------------------------------------------+-------+
|                               Status                              | Count |
+-------------------------------------------------------------------+-------+
| Number of unique control sets                                     |    36 |
| Minimum Number of register sites lost to control set restrictions |    76 |
+-------------------------------------------------------------------+-------+


2. Flip-Flop Distribution
-------------------------

+--------------+-----------------------+------------------------+-----------------+--------------+
| Clock Enable | Synchronous Set/Reset | Asynchronous Set/Reset | Total Registers | Total Slices |
+--------------+-----------------------+------------------------+-----------------+--------------+
| No           | No                    | No                     |             115 |           43 |
| No           | No                    | Yes                    |               0 |            0 |
| No           | Yes                   | No                     |             113 |           30 |
| Yes          | No                    | No                     |             338 |           86 |
| Yes          | No                    | Yes                    |               0 |            0 |
| Yes          | Yes                   | No                     |              46 |           16 |
+--------------+-----------------------+------------------------+-----------------+--------------+


3. Detailed Control Set Information
-----------------------------------

+--------------------------------------------------------+-----------------------------------------------------------------------------------------------------------------------------------------------------------------------+----------------------------------------------------------------------------------------------------------------------------------------------------------------+------------------+----------------+
|                      Clock Signal                      |                                                                             Enable Signal                                                                             |                                                                        Set/Reset Signal                                                                        | Slice Load Count | Bel Load Count |
+--------------------------------------------------------+-----------------------------------------------------------------------------------------------------------------------------------------------------------------------+----------------------------------------------------------------------------------------------------------------------------------------------------------------+------------------+----------------+
|  design_gpio_led_i/processing_system7_0/inst/FCLK_CLK0 | design_gpio_led_i/processing_system7_0_axi_periph/s00_couplers/auto_pc/inst/gen_axilite.gen_b2s_conv.axilite_b2s/WR.b_channel_0/bid_fifo_0/bresp_push                 |                                                                                                                                                                |                1 |              2 |
|  design_gpio_led_i/processing_system7_0/inst/FCLK_CLK0 |                                                                                                                                                                       | design_gpio_led_i/axi_gpio_0/U0/AXI_LITE_IPIF_I/I_SLAVE_ATTACHMENT/INCLUDE_DPHASE_TIMER.dpto_cnt[3]_i_1_n_0                                                    |                1 |              4 |
|  design_gpio_led_i/processing_system7_0/inst/FCLK_CLK0 | design_gpio_led_i/processing_system7_0_axi_periph/s00_couplers/auto_pc/inst/gen_axilite.gen_b2s_conv.axilite_b2s/WR.aw_channel_0/aw_cmd_fsm_0/axlen_cnt_reg[4]_0      | design_gpio_led_i/processing_system7_0_axi_periph/s00_couplers/auto_pc/inst/gen_axilite.gen_b2s_conv.axilite_b2s/WR.aw_channel_0/aw_cmd_fsm_0/axlen_cnt_reg[7] |                1 |              4 |
|  design_gpio_led_i/processing_system7_0/inst/FCLK_CLK0 |                                                                                                                                                                       | design_gpio_led_i/rst_processing_system7_0_100M/U0/EXT_LPF/lpf_int                                                                                             |                2 |              4 |
|  design_gpio_led_i/processing_system7_0/inst/FCLK_CLK0 | design_gpio_led_i/processing_system7_0_axi_periph/s00_couplers/auto_pc/inst/gen_axilite.gen_b2s_conv.axilite_b2s/RD.ar_channel_0/ar_cmd_fsm_0/axlen_cnt_reg[4]        |                                                                                                                                                                |                2 |              4 |
|  design_gpio_led_i/processing_system7_0/inst/FCLK_CLK0 | design_gpio_led_i/processing_system7_0_axi_periph/s00_couplers/auto_pc/inst/gen_axilite.gen_b2s_conv.axilite_b2s/RD.ar_channel_0/ar_cmd_fsm_0/axlen_cnt_reg[4]        | design_gpio_led_i/processing_system7_0_axi_periph/s00_couplers/auto_pc/inst/gen_axilite.gen_b2s_conv.axilite_b2s/RD.ar_channel_0/ar_cmd_fsm_0/axlen_cnt_reg[7] |                2 |              4 |
|  design_gpio_led_i/processing_system7_0/inst/FCLK_CLK0 | design_gpio_led_i/processing_system7_0_axi_periph/s00_couplers/auto_pc/inst/gen_axilite.gen_b2s_conv.axilite_b2s/RD.ar_channel_0/ar_cmd_fsm_0/axlen_cnt_reg[0][0]     |                                                                                                                                                                |                1 |              4 |
|  design_gpio_led_i/processing_system7_0/inst/FCLK_CLK0 | design_gpio_led_i/processing_system7_0_axi_periph/s00_couplers/auto_pc/inst/gen_axilite.gen_b2s_conv.axilite_b2s/WR.aw_channel_0/aw_cmd_fsm_0/axlen_cnt_reg[4]_0      |                                                                                                                                                                |                2 |              4 |
|  design_gpio_led_i/processing_system7_0/inst/FCLK_CLK0 | design_gpio_led_i/processing_system7_0_axi_periph/s00_couplers/auto_pc/inst/gen_axilite.gen_b2s_conv.axilite_b2s/WR.aw_channel_0/aw_cmd_fsm_0/axlen_cnt_reg[0]_0[0]   |                                                                                                                                                                |                1 |              4 |
|  design_gpio_led_i/processing_system7_0/inst/FCLK_CLK0 | design_gpio_led_i/rst_processing_system7_0_100M/U0/SEQ/seq_cnt_en                                                                                                     | design_gpio_led_i/rst_processing_system7_0_100M/U0/SEQ/SEQ_COUNTER/clear                                                                                       |                2 |              6 |
|  design_gpio_led_i/processing_system7_0/inst/FCLK_CLK0 |                                                                                                                                                                       | design_gpio_led_i/axi_gpio_0/U0/gpio_core_1/Read_Reg_Rst                                                                                                       |                3 |              8 |
|  design_gpio_led_i/processing_system7_0/inst/FCLK_CLK0 |                                                                                                                                                                       | design_gpio_led_i/processing_system7_0_axi_periph/s00_couplers/auto_pc/inst/gen_axilite.gen_b2s_conv.axilite_b2s/SI_REG/ar_pipe/SR[0]                          |                4 |              8 |
|  design_gpio_led_i/processing_system7_0/inst/FCLK_CLK0 | design_gpio_led_i/axi_gpio_0/U0/AXI_LITE_IPIF_I/I_SLAVE_ATTACHMENT/s_axi_rdata_i[7]_i_1_n_0                                                                           | design_gpio_led_i/axi_gpio_0/U0/AXI_LITE_IPIF_I/I_SLAVE_ATTACHMENT/SR                                                                                          |                3 |              8 |
|  design_gpio_led_i/processing_system7_0/inst/FCLK_CLK0 | design_gpio_led_i/axi_gpio_0/U0/AXI_LITE_IPIF_I/I_SLAVE_ATTACHMENT/I_DECODER/Not_Dual.gpio_OE_reg[0][0]                                                               | design_gpio_led_i/axi_gpio_0/U0/AXI_LITE_IPIF_I/I_SLAVE_ATTACHMENT/SR                                                                                          |                3 |              8 |
|  design_gpio_led_i/processing_system7_0/inst/FCLK_CLK0 | design_gpio_led_i/axi_gpio_0/U0/AXI_LITE_IPIF_I/I_SLAVE_ATTACHMENT/I_DECODER/E[0]                                                                                     | design_gpio_led_i/axi_gpio_0/U0/AXI_LITE_IPIF_I/I_SLAVE_ATTACHMENT/SR                                                                                          |                3 |              8 |
|  design_gpio_led_i/processing_system7_0/inst/FCLK_CLK0 | design_gpio_led_i/processing_system7_0_axi_periph/s00_couplers/auto_pc/inst/gen_axilite.gen_b2s_conv.axilite_b2s/WR.b_channel_0/mhandshake_r                          | design_gpio_led_i/processing_system7_0_axi_periph/s00_couplers/auto_pc/inst/gen_axilite.gen_b2s_conv.axilite_b2s/WR.b_channel_0/bid_fifo_0/SR[0]               |                2 |              8 |
|  design_gpio_led_i/processing_system7_0/inst/FCLK_CLK0 | design_gpio_led_i/processing_system7_0_axi_periph/s00_couplers/auto_pc/inst/gen_axilite.gen_b2s_conv.axilite_b2s/WR.aw_channel_0/aw_cmd_fsm_0/E[0]                    |                                                                                                                                                                |                8 |             12 |
|  design_gpio_led_i/processing_system7_0/inst/FCLK_CLK0 | design_gpio_led_i/processing_system7_0_axi_periph/s00_couplers/auto_pc/inst/gen_axilite.gen_b2s_conv.axilite_b2s/RD.ar_channel_0/ar_cmd_fsm_0/axaddr_incr_reg[0]      |                                                                                                                                                                |                3 |             12 |
|  design_gpio_led_i/processing_system7_0/inst/FCLK_CLK0 | design_gpio_led_i/processing_system7_0_axi_periph/s00_couplers/auto_pc/inst/gen_axilite.gen_b2s_conv.axilite_b2s/RD.ar_channel_0/ar_cmd_fsm_0/E[0]                    |                                                                                                                                                                |                4 |             12 |
|  design_gpio_led_i/processing_system7_0/inst/FCLK_CLK0 | design_gpio_led_i/processing_system7_0_axi_periph/s00_couplers/auto_pc/inst/gen_axilite.gen_b2s_conv.axilite_b2s/RD.ar_channel_0/ar_cmd_fsm_0/axaddr_wrap_reg[0][0]   |                                                                                                                                                                |                5 |             12 |
|  design_gpio_led_i/processing_system7_0/inst/FCLK_CLK0 | design_gpio_led_i/processing_system7_0_axi_periph/s00_couplers/auto_pc/inst/gen_axilite.gen_b2s_conv.axilite_b2s/WR.aw_channel_0/aw_cmd_fsm_0/axaddr_incr_reg[0]      |                                                                                                                                                                |                3 |             12 |
|  design_gpio_led_i/processing_system7_0/inst/FCLK_CLK0 | design_gpio_led_i/processing_system7_0_axi_periph/s00_couplers/auto_pc/inst/gen_axilite.gen_b2s_conv.axilite_b2s/WR.aw_channel_0/aw_cmd_fsm_0/axaddr_wrap_reg[0][0]   |                                                                                                                                                                |                3 |             12 |
|  design_gpio_led_i/processing_system7_0/inst/FCLK_CLK0 | design_gpio_led_i/processing_system7_0_axi_periph/s00_couplers/auto_pc/inst/gen_axilite.gen_b2s_conv.axilite_b2s/RD.r_channel_0/r_push_r                              |                                                                                                                                                                |                4 |             13 |
|  design_gpio_led_i/processing_system7_0/inst/FCLK_CLK0 | design_gpio_led_i/processing_system7_0_axi_periph/s00_couplers/auto_pc/inst/gen_axilite.gen_b2s_conv.axilite_b2s/SI_REG/b_pipe/p_1_in                                 |                                                                                                                                                                |                3 |             14 |
|  design_gpio_led_i/processing_system7_0/inst/FCLK_CLK0 | design_gpio_led_i/processing_system7_0_axi_periph/s00_couplers/auto_pc/inst/gen_axilite.gen_b2s_conv.axilite_b2s/SI_REG/b_pipe/skid_buffer_reg[0]_0                   |                                                                                                                                                                |                2 |             14 |
|  design_gpio_led_i/processing_system7_0/inst/FCLK_CLK0 | design_gpio_led_i/processing_system7_0_axi_periph/s00_couplers/auto_pc/inst/gen_axilite.gen_b2s_conv.axilite_b2s/WR.aw_channel_0/aw_cmd_fsm_0/m_payload_i_reg[0]      |                                                                                                                                                                |                4 |             20 |
|  design_gpio_led_i/processing_system7_0/inst/FCLK_CLK0 |                                                                                                                                                                       | design_gpio_led_i/axi_gpio_0/U0/AXI_LITE_IPIF_I/I_SLAVE_ATTACHMENT/SR                                                                                          |                6 |             20 |
|  design_gpio_led_i/processing_system7_0/inst/FCLK_CLK0 | design_gpio_led_i/processing_system7_0_axi_periph/s00_couplers/auto_pc/inst/gen_axilite.gen_b2s_conv.axilite_b2s/RD.ar_channel_0/ar_cmd_fsm_0/m_payload_i_reg[0][0]   |                                                                                                                                                                |                8 |             32 |
|  design_gpio_led_i/processing_system7_0/inst/FCLK_CLK0 | design_gpio_led_i/processing_system7_0_axi_periph/s00_couplers/auto_pc/inst/gen_axilite.gen_b2s_conv.axilite_b2s/SI_REG/ar_pipe/skid_buffer_reg[0]_0                  |                                                                                                                                                                |                9 |             32 |
|  design_gpio_led_i/processing_system7_0/inst/FCLK_CLK0 | design_gpio_led_i/processing_system7_0_axi_periph/s00_couplers/auto_pc/inst/gen_axilite.gen_b2s_conv.axilite_b2s/WR.aw_channel_0/aw_cmd_fsm_0/m_payload_i_reg[0]_0[0] |                                                                                                                                                                |                8 |             32 |
|  design_gpio_led_i/processing_system7_0/inst/FCLK_CLK0 | design_gpio_led_i/processing_system7_0_axi_periph/s00_couplers/auto_pc/inst/gen_axilite.gen_b2s_conv.axilite_b2s/SI_REG/aw_pipe/skid_buffer_reg[0]_0                  |                                                                                                                                                                |                7 |             32 |
|  design_gpio_led_i/processing_system7_0/inst/FCLK_CLK0 | design_gpio_led_i/processing_system7_0_axi_periph/s00_couplers/auto_pc/inst/gen_axilite.gen_b2s_conv.axilite_b2s/RD.r_channel_0/rd_data_fifo_0/wr_en0                 |                                                                                                                                                                |                9 |             34 |
|  design_gpio_led_i/processing_system7_0/inst/FCLK_CLK0 | design_gpio_led_i/processing_system7_0_axi_periph/s00_couplers/auto_pc/inst/gen_axilite.gen_b2s_conv.axilite_b2s/SI_REG/r_pipe/p_1_in                                 |                                                                                                                                                                |                8 |             47 |
|  design_gpio_led_i/processing_system7_0/inst/FCLK_CLK0 | design_gpio_led_i/processing_system7_0_axi_periph/s00_couplers/auto_pc/inst/gen_axilite.gen_b2s_conv.axilite_b2s/SI_REG/r_pipe/skid_buffer_reg[0]_0                   |                                                                                                                                                                |                9 |             47 |
|  design_gpio_led_i/processing_system7_0/inst/FCLK_CLK0 |                                                                                                                                                                       | design_gpio_led_i/processing_system7_0_axi_periph/s00_couplers/auto_pc/inst/gen_axilite.gen_b2s_conv.axilite_b2s/areset_d1                                     |               14 |             69 |
|  design_gpio_led_i/processing_system7_0/inst/FCLK_CLK0 |                                                                                                                                                                       |                                                                                                                                                                |               44 |            116 |
+--------------------------------------------------------+-----------------------------------------------------------------------------------------------------------------------------------------------------------------------+----------------------------------------------------------------------------------------------------------------------------------------------------------------+------------------+----------------+


