#-----------------------------------------------------------
# Webtalk v2015.2 (64-bit)
# SW Build 1266856 on Fri Jun 26 16:35:25 MDT 2015
# 
# Start of session at: Wed Oct 28 10:41:57 2015
# Process ID: 19936
# Log file: D:/Desktop/LED_Blinking_on_ZedBoard/zynq_Gpio.sdk/webtalk/webtalk.log
# Journal file: D:/Desktop/LED_Blinking_on_ZedBoard/zynq_Gpio.sdk/webtalk\webtalk.jou
#-----------------------------------------------------------
source sdk_webtalk.tcl
# webtalk_init -webtalk_dir D:\\Desktop\\LED_Blinking_on_ZedBoard\\zynq_Gpio.sdk\\webtalk
# webtalk_register_client -client project
# webtalk_add_data -client project -key date_generated -value "Wed Oct 28 10:41:53 2015" -context "software_version_and_target_device"
# webtalk_add_data -client project -key product_version -value "SDK v2015.2" -context "software_version_and_target_device"
# webtalk_add_data -client project -key build_version -value "2015.2" -context "software_version_and_target_device"
# webtalk_add_data -client project -key os_platform -value "amd64" -context "software_version_and_target_device"
# webtalk_add_data -client project -key registration_id -value "" -context "software_version_and_target_device"
# webtalk_add_data -client project -key tool_flow -value "SDK" -context "software_version_and_target_device"
# webtalk_add_data -client project -key beta -value "false" -context "software_version_and_target_device"
# webtalk_add_data -client project -key route_design -value "NA" -context "software_version_and_target_device"
# webtalk_add_data -client project -key target_family -value "NA" -context "software_version_and_target_device"
# webtalk_add_data -client project -key target_device -value "NA" -context "software_version_and_target_device"
# webtalk_add_data -client project -key target_package -value "NA" -context "software_version_and_target_device"
# webtalk_add_data -client project -key target_speed -value "NA" -context "software_version_and_target_device"
# webtalk_add_data -client project -key random_id -value "of4f9uumcsoh6b40nlgcu6v85o" -context "software_version_and_target_device"
# webtalk_add_data -client project -key project_id -value "2015.2_11" -context "software_version_and_target_device"
# webtalk_add_data -client project -key project_iteration -value "11" -context "software_version_and_target_device"
# webtalk_add_data -client project -key os_name -value "" -context "user_environment"
# webtalk_add_data -client project -key os_release -value "" -context "user_environment"
# webtalk_add_data -client project -key cpu_name -value "" -context "user_environment"
# webtalk_add_data -client project -key cpu_speed -value "" -context "user_environment"
# webtalk_add_data -client project -key total_processors -value "" -context "user_environment"
# webtalk_add_data -client project -key system_ram -value "" -context "user_environment"
# webtalk_register_client -client sdk
# webtalk_add_data -client sdk -key uid -value "1445999114173" -context "sdk\\\\hardware/1445999114173"
# webtalk_add_data -client sdk -key isZynq -value "true" -context "sdk\\\\hardware/1445999114173"
# webtalk_add_data -client sdk -key Processors -value "2" -context "sdk\\\\hardware/1445999114173"
# webtalk_add_data -client sdk -key VivadoVersion -value "2015.2.1" -context "sdk\\\\hardware/1445999114173"
# webtalk_add_data -client sdk -key Arch -value "zynq" -context "sdk\\\\hardware/1445999114173"
# webtalk_add_data -client sdk -key Device -value "7z020" -context "sdk\\\\hardware/1445999114173"
# webtalk_add_data -client sdk -key IsHandoff -value "true" -context "sdk\\\\hardware/1445999114173"
# webtalk_add_data -client sdk -key uid -value "1445999157577" -context "sdk\\\\bsp/1445999157577"
# webtalk_add_data -client sdk -key hwid -value "1445999114173" -context "sdk\\\\bsp/1445999157577"
# webtalk_add_data -client sdk -key os -value "standalone" -context "sdk\\\\bsp/1445999157577"
# webtalk_add_data -client sdk -key apptemplate -value "hello_world" -context "sdk\\\\bsp/1445999157577"
# webtalk_add_data -client sdk -key uid -value "1445999159191" -context "sdk\\\\application/1445999159191"
# webtalk_add_data -client sdk -key hwid -value "1445999114173" -context "sdk\\\\application/1445999159191"
# webtalk_add_data -client sdk -key bspid -value "1445999157577" -context "sdk\\\\application/1445999159191"
# webtalk_add_data -client sdk -key newbsp -value "true" -context "sdk\\\\application/1445999159191"
# webtalk_add_data -client sdk -key os -value "standalone" -context "sdk\\\\application/1445999159191"
# webtalk_add_data -client sdk -key apptemplate -value "hello_world" -context "sdk\\\\application/1445999159191"
# webtalk_transmit -clientid 577223913 -regid "" -xml D:\\Desktop\\LED_Blinking_on_ZedBoard\\zynq_Gpio.sdk\\webtalk\\usage_statistics_ext_sdk.xml -html D:\\Desktop\\LED_Blinking_on_ZedBoard\\zynq_Gpio.sdk\\webtalk\\usage_statistics_ext_sdk.html -wdm D:\\Desktop\\LED_Blinking_on_ZedBoard\\zynq_Gpio.sdk\\webtalk\\sdk_webtalk.wdm -intro "<H3>SDK Usage Report</H3><BR>"
INFO: [Common 17-186] 'D:\Desktop\LED_Blinking_on_ZedBoard\zynq_Gpio.sdk\webtalk\usage_statistics_ext_sdk.xml' has been successfully sent to Xilinx on Wed Oct 28 10:42:03 2015. For additional details about this file, please refer to the WebTalk help file at D:/App/Xilinx/SDK/2015.2/doc/webtalk_introduction.html.
webtalk_transmit: Time (s): cpu = 00:00:00 ; elapsed = 00:00:05 . Memory (MB): peak = 61.621 ; gain = 0.004
# webtalk_terminate
INFO: [Common 17-206] Exiting Webtalk at Wed Oct 28 10:42:03 2015...
